DEBUG - 2017-11-09 03:43:42 --> UTF-8 Support Enabled
DEBUG - 2017-11-09 03:43:42 --> No URI present. Default controller set.
DEBUG - 2017-11-09 03:43:42 --> Global POST, GET and COOKIE data sanitized
DEBUG - 2017-11-09 03:43:43 --> Session: "sess_save_path" is empty; using "session.save_path" value from php.ini.
DEBUG - 2017-11-09 03:43:43 --> Config file loaded: C:\wamp64\www\gestor\application\admin\config/breadcrumbs.php
DEBUG - 2017-11-09 03:43:43 --> Breadcrumbs Class Initialized
DEBUG - 2017-11-09 03:43:43 --> Total execution time: 0.0835
DEBUG - 2017-11-09 03:43:43 --> UTF-8 Support Enabled
DEBUG - 2017-11-09 03:43:43 --> UTF-8 Support Enabled
DEBUG - 2017-11-09 03:43:43 --> UTF-8 Support Enabled
DEBUG - 2017-11-09 03:43:43 --> UTF-8 Support Enabled
DEBUG - 2017-11-09 03:43:43 --> UTF-8 Support Enabled
DEBUG - 2017-11-09 03:43:43 --> Global POST, GET and COOKIE data sanitized
DEBUG - 2017-11-09 03:43:43 --> UTF-8 Support Enabled
DEBUG - 2017-11-09 03:43:43 --> Global POST, GET and COOKIE data sanitized
DEBUG - 2017-11-09 03:43:43 --> Global POST, GET and COOKIE data sanitized
DEBUG - 2017-11-09 03:43:43 --> Global POST, GET and COOKIE data sanitized
DEBUG - 2017-11-09 03:43:43 --> Global POST, GET and COOKIE data sanitized
DEBUG - 2017-11-09 03:43:43 --> Session: "sess_save_path" is empty; using "session.save_path" value from php.ini.
DEBUG - 2017-11-09 03:43:43 --> Global POST, GET and COOKIE data sanitized
DEBUG - 2017-11-09 03:43:43 --> Session: "sess_save_path" is empty; using "session.save_path" value from php.ini.
DEBUG - 2017-11-09 03:43:43 --> Session: "sess_save_path" is empty; using "session.save_path" value from php.ini.
DEBUG - 2017-11-09 03:43:43 --> Config file loaded: C:\wamp64\www\gestor\application\admin\config/breadcrumbs.php
DEBUG - 2017-11-09 03:43:43 --> Session: "sess_save_path" is empty; using "session.save_path" value from php.ini.
DEBUG - 2017-11-09 03:43:43 --> Session: "sess_save_path" is empty; using "session.save_path" value from php.ini.
DEBUG - 2017-11-09 03:43:43 --> Breadcrumbs Class Initialized
DEBUG - 2017-11-09 03:43:43 --> Session: "sess_save_path" is empty; using "session.save_path" value from php.ini.
DEBUG - 2017-11-09 03:43:43 --> Total execution time: 0.1410
DEBUG - 2017-11-09 03:43:43 --> Config file loaded: C:\wamp64\www\gestor\application\admin\config/breadcrumbs.php
DEBUG - 2017-11-09 03:43:43 --> Breadcrumbs Class Initialized
DEBUG - 2017-11-09 03:43:43 --> UTF-8 Support Enabled
DEBUG - 2017-11-09 03:43:43 --> Total execution time: 0.1905
DEBUG - 2017-11-09 03:43:43 --> Global POST, GET and COOKIE data sanitized
DEBUG - 2017-11-09 03:43:43 --> Config file loaded: C:\wamp64\www\gestor\application\admin\config/breadcrumbs.php
DEBUG - 2017-11-09 03:43:43 --> Breadcrumbs Class Initialized
DEBUG - 2017-11-09 03:43:43 --> UTF-8 Support Enabled
DEBUG - 2017-11-09 03:43:43 --> Total execution time: 0.2379
DEBUG - 2017-11-09 03:43:43 --> Session: "sess_save_path" is empty; using "session.save_path" value from php.ini.
DEBUG - 2017-11-09 03:43:43 --> Config file loaded: C:\wamp64\www\gestor\application\admin\config/breadcrumbs.php
DEBUG - 2017-11-09 03:43:43 --> Global POST, GET and COOKIE data sanitized
DEBUG - 2017-11-09 03:43:43 --> Breadcrumbs Class Initialized
DEBUG - 2017-11-09 03:43:43 --> UTF-8 Support Enabled
DEBUG - 2017-11-09 03:43:43 --> Total execution time: 0.3270
DEBUG - 2017-11-09 03:43:43 --> Global POST, GET and COOKIE data sanitized
DEBUG - 2017-11-09 03:43:43 --> Config file loaded: C:\wamp64\www\gestor\application\admin\config/breadcrumbs.php
DEBUG - 2017-11-09 03:43:43 --> Breadcrumbs Class Initialized
DEBUG - 2017-11-09 03:43:43 --> Session: "sess_save_path" is empty; using "session.save_path" value from php.ini.
DEBUG - 2017-11-09 03:43:43 --> UTF-8 Support Enabled
DEBUG - 2017-11-09 03:43:43 --> Session: "sess_save_path" is empty; using "session.save_path" value from php.ini.
DEBUG - 2017-11-09 03:43:43 --> Total execution time: 0.3719
DEBUG - 2017-11-09 03:43:43 --> Global POST, GET and COOKIE data sanitized
DEBUG - 2017-11-09 03:43:43 --> Config file loaded: C:\wamp64\www\gestor\application\admin\config/breadcrumbs.php
DEBUG - 2017-11-09 03:43:43 --> Breadcrumbs Class Initialized
DEBUG - 2017-11-09 03:43:43 --> UTF-8 Support Enabled
DEBUG - 2017-11-09 03:43:43 --> Total execution time: 0.3955
DEBUG - 2017-11-09 03:43:43 --> Session: "sess_save_path" is empty; using "session.save_path" value from php.ini.
DEBUG - 2017-11-09 03:43:43 --> Config file loaded: C:\wamp64\www\gestor\application\admin\config/breadcrumbs.php
DEBUG - 2017-11-09 03:43:43 --> UTF-8 Support Enabled
DEBUG - 2017-11-09 03:43:43 --> Global POST, GET and COOKIE data sanitized
DEBUG - 2017-11-09 03:43:43 --> Breadcrumbs Class Initialized
DEBUG - 2017-11-09 03:43:43 --> Total execution time: 0.3040
DEBUG - 2017-11-09 03:43:43 --> Global POST, GET and COOKIE data sanitized
DEBUG - 2017-11-09 03:43:43 --> Config file loaded: C:\wamp64\www\gestor\application\admin\config/breadcrumbs.php
DEBUG - 2017-11-09 03:43:43 --> Session: "sess_save_path" is empty; using "session.save_path" value from php.ini.
DEBUG - 2017-11-09 03:43:43 --> Breadcrumbs Class Initialized
DEBUG - 2017-11-09 03:43:43 --> UTF-8 Support Enabled
DEBUG - 2017-11-09 03:43:43 --> Session: "sess_save_path" is empty; using "session.save_path" value from php.ini.
DEBUG - 2017-11-09 03:43:43 --> Total execution time: 0.3086
DEBUG - 2017-11-09 03:43:43 --> Global POST, GET and COOKIE data sanitized
DEBUG - 2017-11-09 03:43:43 --> Config file loaded: C:\wamp64\www\gestor\application\admin\config/breadcrumbs.php
DEBUG - 2017-11-09 03:43:43 --> Breadcrumbs Class Initialized
DEBUG - 2017-11-09 03:43:43 --> UTF-8 Support Enabled
DEBUG - 2017-11-09 03:43:43 --> Total execution time: 0.3002
DEBUG - 2017-11-09 03:43:43 --> Session: "sess_save_path" is empty; using "session.save_path" value from php.ini.
DEBUG - 2017-11-09 03:43:43 --> Global POST, GET and COOKIE data sanitized
DEBUG - 2017-11-09 03:43:43 --> Config file loaded: C:\wamp64\www\gestor\application\admin\config/breadcrumbs.php
DEBUG - 2017-11-09 03:43:43 --> Breadcrumbs Class Initialized
DEBUG - 2017-11-09 03:43:43 --> UTF-8 Support Enabled
DEBUG - 2017-11-09 03:43:43 --> Session: "sess_save_path" is empty; using "session.save_path" value from php.ini.
DEBUG - 2017-11-09 03:43:43 --> Global POST, GET and COOKIE data sanitized
DEBUG - 2017-11-09 03:43:43 --> Total execution time: 0.3184
DEBUG - 2017-11-09 03:43:43 --> Config file loaded: C:\wamp64\www\gestor\application\admin\config/breadcrumbs.php
DEBUG - 2017-11-09 03:43:43 --> UTF-8 Support Enabled
DEBUG - 2017-11-09 03:43:43 --> Breadcrumbs Class Initialized
DEBUG - 2017-11-09 03:43:43 --> Total execution time: 0.3072
DEBUG - 2017-11-09 03:43:43 --> Session: "sess_save_path" is empty; using "session.save_path" value from php.ini.
DEBUG - 2017-11-09 03:43:43 --> Global POST, GET and COOKIE data sanitized
DEBUG - 2017-11-09 03:43:43 --> Config file loaded: C:\wamp64\www\gestor\application\admin\config/breadcrumbs.php
DEBUG - 2017-11-09 03:43:43 --> Breadcrumbs Class Initialized
DEBUG - 2017-11-09 03:43:43 --> UTF-8 Support Enabled
DEBUG - 2017-11-09 03:43:43 --> Total execution time: 0.3020
DEBUG - 2017-11-09 03:43:43 --> Session: "sess_save_path" is empty; using "session.save_path" value from php.ini.
DEBUG - 2017-11-09 03:43:43 --> Global POST, GET and COOKIE data sanitized
DEBUG - 2017-11-09 03:43:43 --> Config file loaded: C:\wamp64\www\gestor\application\admin\config/breadcrumbs.php
DEBUG - 2017-11-09 03:43:43 --> UTF-8 Support Enabled
DEBUG - 2017-11-09 03:43:43 --> Breadcrumbs Class Initialized
DEBUG - 2017-11-09 03:43:43 --> Global POST, GET and COOKIE data sanitized
DEBUG - 2017-11-09 03:43:43 --> Total execution time: 0.3005
DEBUG - 2017-11-09 03:43:43 --> Session: "sess_save_path" is empty; using "session.save_path" value from php.ini.
DEBUG - 2017-11-09 03:43:43 --> Config file loaded: C:\wamp64\www\gestor\application\admin\config/breadcrumbs.php
DEBUG - 2017-11-09 03:43:43 --> Breadcrumbs Class Initialized
DEBUG - 2017-11-09 03:43:43 --> Session: "sess_save_path" is empty; using "session.save_path" value from php.ini.
DEBUG - 2017-11-09 03:43:43 --> UTF-8 Support Enabled
DEBUG - 2017-11-09 03:43:43 --> Total execution time: 0.3040
DEBUG - 2017-11-09 03:43:44 --> Global POST, GET and COOKIE data sanitized
DEBUG - 2017-11-09 03:43:44 --> Config file loaded: C:\wamp64\www\gestor\application\admin\config/breadcrumbs.php
DEBUG - 2017-11-09 03:43:44 --> UTF-8 Support Enabled
DEBUG - 2017-11-09 03:43:44 --> Breadcrumbs Class Initialized
DEBUG - 2017-11-09 03:43:44 --> Total execution time: 0.3103
DEBUG - 2017-11-09 03:43:44 --> Session: "sess_save_path" is empty; using "session.save_path" value from php.ini.
DEBUG - 2017-11-09 03:43:44 --> Global POST, GET and COOKIE data sanitized
DEBUG - 2017-11-09 03:43:44 --> Config file loaded: C:\wamp64\www\gestor\application\admin\config/breadcrumbs.php
DEBUG - 2017-11-09 03:43:44 --> Breadcrumbs Class Initialized
DEBUG - 2017-11-09 03:43:44 --> UTF-8 Support Enabled
DEBUG - 2017-11-09 03:43:44 --> Total execution time: 0.2843
DEBUG - 2017-11-09 03:43:44 --> Global POST, GET and COOKIE data sanitized
DEBUG - 2017-11-09 03:43:44 --> Session: "sess_save_path" is empty; using "session.save_path" value from php.ini.
DEBUG - 2017-11-09 03:43:44 --> Config file loaded: C:\wamp64\www\gestor\application\admin\config/breadcrumbs.php
DEBUG - 2017-11-09 03:43:44 --> UTF-8 Support Enabled
DEBUG - 2017-11-09 03:43:44 --> Breadcrumbs Class Initialized
DEBUG - 2017-11-09 03:43:44 --> Total execution time: 0.3027
DEBUG - 2017-11-09 03:43:44 --> Global POST, GET and COOKIE data sanitized
DEBUG - 2017-11-09 03:43:44 --> Session: "sess_save_path" is empty; using "session.save_path" value from php.ini.
DEBUG - 2017-11-09 03:43:44 --> Config file loaded: C:\wamp64\www\gestor\application\admin\config/breadcrumbs.php
DEBUG - 2017-11-09 03:43:44 --> Breadcrumbs Class Initialized
DEBUG - 2017-11-09 03:43:44 --> Total execution time: 0.2938
DEBUG - 2017-11-09 03:43:44 --> Config file loaded: C:\wamp64\www\gestor\application\admin\config/breadcrumbs.php
DEBUG - 2017-11-09 03:43:44 --> Session: "sess_save_path" is empty; using "session.save_path" value from php.ini.
DEBUG - 2017-11-09 03:43:44 --> Breadcrumbs Class Initialized
DEBUG - 2017-11-09 03:43:44 --> Total execution time: 0.2749
DEBUG - 2017-11-09 03:43:44 --> Config file loaded: C:\wamp64\www\gestor\application\admin\config/breadcrumbs.php
DEBUG - 2017-11-09 03:43:44 --> Breadcrumbs Class Initialized
DEBUG - 2017-11-09 03:43:44 --> Total execution time: 0.2614
DEBUG - 2017-11-09 03:43:44 --> Config file loaded: C:\wamp64\www\gestor\application\admin\config/breadcrumbs.php
DEBUG - 2017-11-09 03:43:44 --> Breadcrumbs Class Initialized
DEBUG - 2017-11-09 03:43:44 --> Total execution time: 0.2354
DEBUG - 2017-11-09 03:43:44 --> Config file loaded: C:\wamp64\www\gestor\application\admin\config/breadcrumbs.php
DEBUG - 2017-11-09 03:43:44 --> Breadcrumbs Class Initialized
DEBUG - 2017-11-09 03:43:44 --> UTF-8 Support Enabled
DEBUG - 2017-11-09 03:43:44 --> Total execution time: 0.2181
DEBUG - 2017-11-09 03:43:44 --> Global POST, GET and COOKIE data sanitized
DEBUG - 2017-11-09 03:43:44 --> UTF-8 Support Enabled
DEBUG - 2017-11-09 03:43:44 --> UTF-8 Support Enabled
DEBUG - 2017-11-09 03:43:44 --> UTF-8 Support Enabled
DEBUG - 2017-11-09 03:43:44 --> Session: "sess_save_path" is empty; using "session.save_path" value from php.ini.
DEBUG - 2017-11-09 03:43:44 --> UTF-8 Support Enabled
DEBUG - 2017-11-09 03:43:44 --> Global POST, GET and COOKIE data sanitized
DEBUG - 2017-11-09 03:43:44 --> Config file loaded: C:\wamp64\www\gestor\application\admin\config/breadcrumbs.php
DEBUG - 2017-11-09 03:43:44 --> Global POST, GET and COOKIE data sanitized
DEBUG - 2017-11-09 03:43:44 --> Global POST, GET and COOKIE data sanitized
DEBUG - 2017-11-09 03:43:44 --> Breadcrumbs Class Initialized
DEBUG - 2017-11-09 03:43:44 --> Total execution time: 0.1759
DEBUG - 2017-11-09 03:43:44 --> Global POST, GET and COOKIE data sanitized
DEBUG - 2017-11-09 03:43:44 --> Session: "sess_save_path" is empty; using "session.save_path" value from php.ini.
DEBUG - 2017-11-09 03:43:44 --> Session: "sess_save_path" is empty; using "session.save_path" value from php.ini.
DEBUG - 2017-11-09 03:43:44 --> Session: "sess_save_path" is empty; using "session.save_path" value from php.ini.
DEBUG - 2017-11-09 03:43:44 --> Config file loaded: C:\wamp64\www\gestor\application\admin\config/breadcrumbs.php
DEBUG - 2017-11-09 03:43:44 --> Breadcrumbs Class Initialized
DEBUG - 2017-11-09 03:43:44 --> Total execution time: 0.1945
DEBUG - 2017-11-09 03:43:44 --> Session: "sess_save_path" is empty; using "session.save_path" value from php.ini.
DEBUG - 2017-11-09 03:43:44 --> Config file loaded: C:\wamp64\www\gestor\application\admin\config/breadcrumbs.php
DEBUG - 2017-11-09 03:43:44 --> Breadcrumbs Class Initialized
DEBUG - 2017-11-09 03:43:44 --> Total execution time: 0.1876
DEBUG - 2017-11-09 03:43:44 --> Config file loaded: C:\wamp64\www\gestor\application\admin\config/breadcrumbs.php
DEBUG - 2017-11-09 03:43:44 --> Breadcrumbs Class Initialized
DEBUG - 2017-11-09 03:43:44 --> Total execution time: 0.2831
DEBUG - 2017-11-09 03:43:44 --> Config file loaded: C:\wamp64\www\gestor\application\admin\config/breadcrumbs.php
DEBUG - 2017-11-09 03:43:44 --> Breadcrumbs Class Initialized
DEBUG - 2017-11-09 03:43:44 --> Total execution time: 0.3029
DEBUG - 2017-11-09 03:43:44 --> UTF-8 Support Enabled
DEBUG - 2017-11-09 03:43:44 --> Global POST, GET and COOKIE data sanitized
DEBUG - 2017-11-09 03:43:44 --> Session: "sess_save_path" is empty; using "session.save_path" value from php.ini.
DEBUG - 2017-11-09 03:43:44 --> Config file loaded: C:\wamp64\www\gestor\application\admin\config/breadcrumbs.php
DEBUG - 2017-11-09 03:43:44 --> Breadcrumbs Class Initialized
DEBUG - 2017-11-09 03:43:44 --> Total execution time: 0.0827
DEBUG - 2017-11-09 03:43:44 --> UTF-8 Support Enabled
DEBUG - 2017-11-09 03:43:44 --> Global POST, GET and COOKIE data sanitized
DEBUG - 2017-11-09 03:43:44 --> Session: "sess_save_path" is empty; using "session.save_path" value from php.ini.
DEBUG - 2017-11-09 03:43:44 --> Config file loaded: C:\wamp64\www\gestor\application\admin\config/breadcrumbs.php
DEBUG - 2017-11-09 03:43:44 --> Breadcrumbs Class Initialized
DEBUG - 2017-11-09 03:43:44 --> Total execution time: 0.0768
DEBUG - 2017-11-09 03:43:44 --> UTF-8 Support Enabled
DEBUG - 2017-11-09 03:43:44 --> Global POST, GET and COOKIE data sanitized
DEBUG - 2017-11-09 03:43:44 --> Session: "sess_save_path" is empty; using "session.save_path" value from php.ini.
DEBUG - 2017-11-09 03:43:45 --> Config file loaded: C:\wamp64\www\gestor\application\admin\config/breadcrumbs.php
DEBUG - 2017-11-09 03:43:45 --> Breadcrumbs Class Initialized
DEBUG - 2017-11-09 03:43:45 --> Total execution time: 0.0770
DEBUG - 2017-11-09 03:43:45 --> UTF-8 Support Enabled
DEBUG - 2017-11-09 03:43:45 --> Global POST, GET and COOKIE data sanitized
DEBUG - 2017-11-09 03:43:45 --> Session: "sess_save_path" is empty; using "session.save_path" value from php.ini.
DEBUG - 2017-11-09 03:43:45 --> Config file loaded: C:\wamp64\www\gestor\application\admin\config/breadcrumbs.php
DEBUG - 2017-11-09 03:43:45 --> Breadcrumbs Class Initialized
DEBUG - 2017-11-09 03:43:45 --> Total execution time: 0.0782
DEBUG - 2017-11-09 03:44:50 --> UTF-8 Support Enabled
DEBUG - 2017-11-09 03:44:50 --> No URI present. Default controller set.
DEBUG - 2017-11-09 03:44:50 --> Global POST, GET and COOKIE data sanitized
DEBUG - 2017-11-09 03:44:50 --> Session: "sess_save_path" is empty; using "session.save_path" value from php.ini.
DEBUG - 2017-11-09 03:44:50 --> Config file loaded: C:\wamp64\www\gestor\application\admin\config/breadcrumbs.php
DEBUG - 2017-11-09 03:44:50 --> Breadcrumbs Class Initialized
DEBUG - 2017-11-09 03:44:50 --> UTF-8 Support Enabled
DEBUG - 2017-11-09 03:44:50 --> Global POST, GET and COOKIE data sanitized
DEBUG - 2017-11-09 03:44:50 --> Session: "sess_save_path" is empty; using "session.save_path" value from php.ini.
DEBUG - 2017-11-09 03:44:50 --> Config file loaded: C:\wamp64\www\gestor\application\admin\config/breadcrumbs.php
DEBUG - 2017-11-09 03:44:50 --> Breadcrumbs Class Initialized
DEBUG - 2017-11-09 03:44:50 --> UTF-8 Support Enabled
DEBUG - 2017-11-09 03:44:50 --> Global POST, GET and COOKIE data sanitized
DEBUG - 2017-11-09 03:44:50 --> Session: "sess_save_path" is empty; using "session.save_path" value from php.ini.
DEBUG - 2017-11-09 03:44:50 --> Config file loaded: C:\wamp64\www\gestor\application\admin\config/breadcrumbs.php
DEBUG - 2017-11-09 03:44:50 --> Breadcrumbs Class Initialized
DEBUG - 2017-11-09 03:44:50 --> UTF-8 Support Enabled
DEBUG - 2017-11-09 03:44:50 --> Global POST, GET and COOKIE data sanitized
DEBUG - 2017-11-09 03:44:50 --> Session: "sess_save_path" is empty; using "session.save_path" value from php.ini.
DEBUG - 2017-11-09 03:44:50 --> Config file loaded: C:\wamp64\www\gestor\application\admin\config/breadcrumbs.php
DEBUG - 2017-11-09 03:44:50 --> Breadcrumbs Class Initialized
DEBUG - 2017-11-09 03:44:50 --> Total execution time: 0.0694
DEBUG - 2017-11-09 03:44:50 --> UTF-8 Support Enabled
DEBUG - 2017-11-09 03:44:50 --> UTF-8 Support Enabled
DEBUG - 2017-11-09 03:44:50 --> UTF-8 Support Enabled
DEBUG - 2017-11-09 03:44:50 --> Global POST, GET and COOKIE data sanitized
DEBUG - 2017-11-09 03:44:50 --> Global POST, GET and COOKIE data sanitized
DEBUG - 2017-11-09 03:44:50 --> UTF-8 Support Enabled
DEBUG - 2017-11-09 03:44:50 --> UTF-8 Support Enabled
DEBUG - 2017-11-09 03:44:50 --> UTF-8 Support Enabled
DEBUG - 2017-11-09 03:44:50 --> Global POST, GET and COOKIE data sanitized
DEBUG - 2017-11-09 03:44:50 --> Session: "sess_save_path" is empty; using "session.save_path" value from php.ini.
DEBUG - 2017-11-09 03:44:50 --> Global POST, GET and COOKIE data sanitized
DEBUG - 2017-11-09 03:44:50 --> Global POST, GET and COOKIE data sanitized
DEBUG - 2017-11-09 03:44:50 --> Session: "sess_save_path" is empty; using "session.save_path" value from php.ini.
DEBUG - 2017-11-09 03:44:50 --> Global POST, GET and COOKIE data sanitized
DEBUG - 2017-11-09 03:44:50 --> Config file loaded: C:\wamp64\www\gestor\application\admin\config/breadcrumbs.php
DEBUG - 2017-11-09 03:44:50 --> Session: "sess_save_path" is empty; using "session.save_path" value from php.ini.
DEBUG - 2017-11-09 03:44:50 --> Breadcrumbs Class Initialized
DEBUG - 2017-11-09 03:44:50 --> Session: "sess_save_path" is empty; using "session.save_path" value from php.ini.
DEBUG - 2017-11-09 03:44:50 --> Total execution time: 0.2329
DEBUG - 2017-11-09 03:44:50 --> Session: "sess_save_path" is empty; using "session.save_path" value from php.ini.
DEBUG - 2017-11-09 03:44:50 --> Session: "sess_save_path" is empty; using "session.save_path" value from php.ini.
DEBUG - 2017-11-09 03:44:50 --> Config file loaded: C:\wamp64\www\gestor\application\admin\config/breadcrumbs.php
DEBUG - 2017-11-09 03:44:50 --> Breadcrumbs Class Initialized
DEBUG - 2017-11-09 03:44:50 --> UTF-8 Support Enabled
DEBUG - 2017-11-09 03:44:50 --> Total execution time: 0.3064
DEBUG - 2017-11-09 03:44:50 --> Global POST, GET and COOKIE data sanitized
DEBUG - 2017-11-09 03:44:50 --> Config file loaded: C:\wamp64\www\gestor\application\admin\config/breadcrumbs.php
DEBUG - 2017-11-09 03:44:50 --> UTF-8 Support Enabled
DEBUG - 2017-11-09 03:44:50 --> Breadcrumbs Class Initialized
DEBUG - 2017-11-09 03:44:51 --> Total execution time: 0.3603
DEBUG - 2017-11-09 03:44:51 --> Global POST, GET and COOKIE data sanitized
DEBUG - 2017-11-09 03:44:51 --> Session: "sess_save_path" is empty; using "session.save_path" value from php.ini.
DEBUG - 2017-11-09 03:44:51 --> Config file loaded: C:\wamp64\www\gestor\application\admin\config/breadcrumbs.php
DEBUG - 2017-11-09 03:44:51 --> UTF-8 Support Enabled
DEBUG - 2017-11-09 03:44:51 --> Breadcrumbs Class Initialized
DEBUG - 2017-11-09 03:44:51 --> Session: "sess_save_path" is empty; using "session.save_path" value from php.ini.
DEBUG - 2017-11-09 03:44:51 --> Global POST, GET and COOKIE data sanitized
DEBUG - 2017-11-09 03:44:51 --> Total execution time: 0.4246
DEBUG - 2017-11-09 03:44:51 --> Config file loaded: C:\wamp64\www\gestor\application\admin\config/breadcrumbs.php
DEBUG - 2017-11-09 03:44:51 --> Breadcrumbs Class Initialized
DEBUG - 2017-11-09 03:44:51 --> UTF-8 Support Enabled
DEBUG - 2017-11-09 03:44:51 --> Session: "sess_save_path" is empty; using "session.save_path" value from php.ini.
DEBUG - 2017-11-09 03:44:51 --> Total execution time: 0.4757
DEBUG - 2017-11-09 03:44:51 --> Global POST, GET and COOKIE data sanitized
DEBUG - 2017-11-09 03:44:51 --> Config file loaded: C:\wamp64\www\gestor\application\admin\config/breadcrumbs.php
DEBUG - 2017-11-09 03:44:51 --> Breadcrumbs Class Initialized
DEBUG - 2017-11-09 03:44:51 --> UTF-8 Support Enabled
DEBUG - 2017-11-09 03:44:51 --> Total execution time: 0.5354
DEBUG - 2017-11-09 03:44:51 --> Session: "sess_save_path" is empty; using "session.save_path" value from php.ini.
DEBUG - 2017-11-09 03:44:51 --> Global POST, GET and COOKIE data sanitized
DEBUG - 2017-11-09 03:44:51 --> Config file loaded: C:\wamp64\www\gestor\application\admin\config/breadcrumbs.php
DEBUG - 2017-11-09 03:44:51 --> UTF-8 Support Enabled
DEBUG - 2017-11-09 03:44:51 --> Breadcrumbs Class Initialized
DEBUG - 2017-11-09 03:44:51 --> Total execution time: 0.2982
DEBUG - 2017-11-09 03:44:51 --> Global POST, GET and COOKIE data sanitized
DEBUG - 2017-11-09 03:44:51 --> Session: "sess_save_path" is empty; using "session.save_path" value from php.ini.
DEBUG - 2017-11-09 03:44:51 --> Config file loaded: C:\wamp64\www\gestor\application\admin\config/breadcrumbs.php
DEBUG - 2017-11-09 03:44:51 --> Breadcrumbs Class Initialized
DEBUG - 2017-11-09 03:44:51 --> UTF-8 Support Enabled
DEBUG - 2017-11-09 03:44:51 --> Total execution time: 0.2920
DEBUG - 2017-11-09 03:44:51 --> Session: "sess_save_path" is empty; using "session.save_path" value from php.ini.
DEBUG - 2017-11-09 03:44:51 --> Global POST, GET and COOKIE data sanitized
DEBUG - 2017-11-09 03:44:51 --> Config file loaded: C:\wamp64\www\gestor\application\admin\config/breadcrumbs.php
DEBUG - 2017-11-09 03:44:51 --> UTF-8 Support Enabled
DEBUG - 2017-11-09 03:44:51 --> Breadcrumbs Class Initialized
DEBUG - 2017-11-09 03:44:51 --> Total execution time: 0.2987
DEBUG - 2017-11-09 03:44:51 --> Global POST, GET and COOKIE data sanitized
DEBUG - 2017-11-09 03:44:51 --> Config file loaded: C:\wamp64\www\gestor\application\admin\config/breadcrumbs.php
DEBUG - 2017-11-09 03:44:51 --> Session: "sess_save_path" is empty; using "session.save_path" value from php.ini.
DEBUG - 2017-11-09 03:44:51 --> Breadcrumbs Class Initialized
DEBUG - 2017-11-09 03:44:51 --> Total execution time: 0.2822
DEBUG - 2017-11-09 03:44:51 --> Session: "sess_save_path" is empty; using "session.save_path" value from php.ini.
DEBUG - 2017-11-09 03:44:51 --> Config file loaded: C:\wamp64\www\gestor\application\admin\config/breadcrumbs.php
DEBUG - 2017-11-09 03:44:51 --> Breadcrumbs Class Initialized
DEBUG - 2017-11-09 03:44:51 --> Total execution time: 0.2720
DEBUG - 2017-11-09 03:44:51 --> Config file loaded: C:\wamp64\www\gestor\application\admin\config/breadcrumbs.php
DEBUG - 2017-11-09 03:44:51 --> Breadcrumbs Class Initialized
DEBUG - 2017-11-09 03:44:51 --> Total execution time: 0.2565
DEBUG - 2017-11-09 03:44:51 --> Config file loaded: C:\wamp64\www\gestor\application\admin\config/breadcrumbs.php
DEBUG - 2017-11-09 03:44:51 --> Breadcrumbs Class Initialized
DEBUG - 2017-11-09 03:44:51 --> Total execution time: 0.2358
DEBUG - 2017-11-09 03:44:51 --> Config file loaded: C:\wamp64\www\gestor\application\admin\config/breadcrumbs.php
DEBUG - 2017-11-09 03:44:51 --> Breadcrumbs Class Initialized
DEBUG - 2017-11-09 03:44:51 --> UTF-8 Support Enabled
DEBUG - 2017-11-09 03:44:51 --> Total execution time: 0.2259
DEBUG - 2017-11-09 03:44:51 --> Global POST, GET and COOKIE data sanitized
DEBUG - 2017-11-09 03:44:51 --> Session: "sess_save_path" is empty; using "session.save_path" value from php.ini.
DEBUG - 2017-11-09 03:44:51 --> Config file loaded: C:\wamp64\www\gestor\application\admin\config/breadcrumbs.php
DEBUG - 2017-11-09 03:44:51 --> Breadcrumbs Class Initialized
DEBUG - 2017-11-09 03:44:51 --> Total execution time: 0.1254
DEBUG - 2017-11-09 03:45:34 --> UTF-8 Support Enabled
DEBUG - 2017-11-09 03:45:34 --> Global POST, GET and COOKIE data sanitized
DEBUG - 2017-11-09 03:45:34 --> Session: "sess_save_path" is empty; using "session.save_path" value from php.ini.
DEBUG - 2017-11-09 03:45:34 --> Config file loaded: C:\wamp64\www\gestor\application\admin\config/breadcrumbs.php
DEBUG - 2017-11-09 03:45:34 --> Breadcrumbs Class Initialized
ERROR - 2017-11-09 03:45:34 --> Severity: Warning --> include(C:\wamp64\www\gestor\errors\html\error_general.php): failed to open stream: No such file or directory C:\wamp64\www\gestor\system\core\Exceptions.php 182
ERROR - 2017-11-09 03:45:35 --> Severity: Warning --> include(): Failed opening 'C:\wamp64\www\gestor\errors\html\error_general.php' for inclusion (include_path='.;C:\php\pear') C:\wamp64\www\gestor\system\core\Exceptions.php 182
DEBUG - 2017-11-09 03:48:04 --> UTF-8 Support Enabled
DEBUG - 2017-11-09 03:48:04 --> No URI present. Default controller set.
DEBUG - 2017-11-09 03:48:04 --> Global POST, GET and COOKIE data sanitized
DEBUG - 2017-11-09 03:48:04 --> Session: "sess_save_path" is empty; using "session.save_path" value from php.ini.
DEBUG - 2017-11-09 03:48:04 --> Config file loaded: C:\wamp64\www\gestor\application\admin\config/breadcrumbs.php
DEBUG - 2017-11-09 03:48:04 --> Breadcrumbs Class Initialized
DEBUG - 2017-11-09 03:48:04 --> UTF-8 Support Enabled
DEBUG - 2017-11-09 03:48:04 --> Global POST, GET and COOKIE data sanitized
DEBUG - 2017-11-09 03:48:04 --> Session: "sess_save_path" is empty; using "session.save_path" value from php.ini.
DEBUG - 2017-11-09 03:48:04 --> Config file loaded: C:\wamp64\www\gestor\application\admin\config/breadcrumbs.php
DEBUG - 2017-11-09 03:48:04 --> Breadcrumbs Class Initialized
DEBUG - 2017-11-09 03:48:04 --> UTF-8 Support Enabled
DEBUG - 2017-11-09 03:48:04 --> Global POST, GET and COOKIE data sanitized
DEBUG - 2017-11-09 03:48:04 --> Session: "sess_save_path" is empty; using "session.save_path" value from php.ini.
DEBUG - 2017-11-09 03:48:04 --> Config file loaded: C:\wamp64\www\gestor\application\admin\config/breadcrumbs.php
DEBUG - 2017-11-09 03:48:04 --> Breadcrumbs Class Initialized
DEBUG - 2017-11-09 03:48:04 --> UTF-8 Support Enabled
DEBUG - 2017-11-09 03:48:04 --> Global POST, GET and COOKIE data sanitized
DEBUG - 2017-11-09 03:48:04 --> Session: "sess_save_path" is empty; using "session.save_path" value from php.ini.
DEBUG - 2017-11-09 03:48:04 --> Config file loaded: C:\wamp64\www\gestor\application\admin\config/breadcrumbs.php
DEBUG - 2017-11-09 03:48:04 --> Breadcrumbs Class Initialized
DEBUG - 2017-11-09 03:48:04 --> Total execution time: 0.0918
DEBUG - 2017-11-09 03:48:04 --> UTF-8 Support Enabled
DEBUG - 2017-11-09 03:48:04 --> UTF-8 Support Enabled
DEBUG - 2017-11-09 03:48:04 --> UTF-8 Support Enabled
DEBUG - 2017-11-09 03:48:04 --> UTF-8 Support Enabled
DEBUG - 2017-11-09 03:48:04 --> UTF-8 Support Enabled
DEBUG - 2017-11-09 03:48:04 --> UTF-8 Support Enabled
DEBUG - 2017-11-09 03:48:04 --> Global POST, GET and COOKIE data sanitized
DEBUG - 2017-11-09 03:48:04 --> Global POST, GET and COOKIE data sanitized
DEBUG - 2017-11-09 03:48:04 --> Global POST, GET and COOKIE data sanitized
DEBUG - 2017-11-09 03:48:04 --> Session: "sess_save_path" is empty; using "session.save_path" value from php.ini.
DEBUG - 2017-11-09 03:48:04 --> Global POST, GET and COOKIE data sanitized
DEBUG - 2017-11-09 03:48:04 --> Session: "sess_save_path" is empty; using "session.save_path" value from php.ini.
DEBUG - 2017-11-09 03:48:04 --> Global POST, GET and COOKIE data sanitized
DEBUG - 2017-11-09 03:48:04 --> Config file loaded: C:\wamp64\www\gestor\application\admin\config/breadcrumbs.php
DEBUG - 2017-11-09 03:48:04 --> Session: "sess_save_path" is empty; using "session.save_path" value from php.ini.
DEBUG - 2017-11-09 03:48:04 --> Breadcrumbs Class Initialized
DEBUG - 2017-11-09 03:48:04 --> Global POST, GET and COOKIE data sanitized
DEBUG - 2017-11-09 03:48:04 --> Total execution time: 0.1610
DEBUG - 2017-11-09 03:48:04 --> Session: "sess_save_path" is empty; using "session.save_path" value from php.ini.
DEBUG - 2017-11-09 03:48:04 --> Config file loaded: C:\wamp64\www\gestor\application\admin\config/breadcrumbs.php
DEBUG - 2017-11-09 03:48:04 --> Session: "sess_save_path" is empty; using "session.save_path" value from php.ini.
DEBUG - 2017-11-09 03:48:04 --> UTF-8 Support Enabled
DEBUG - 2017-11-09 03:48:04 --> Session: "sess_save_path" is empty; using "session.save_path" value from php.ini.
DEBUG - 2017-11-09 03:48:04 --> Breadcrumbs Class Initialized
DEBUG - 2017-11-09 03:48:04 --> Global POST, GET and COOKIE data sanitized
DEBUG - 2017-11-09 03:48:04 --> Total execution time: 0.2380
DEBUG - 2017-11-09 03:48:04 --> Config file loaded: C:\wamp64\www\gestor\application\admin\config/breadcrumbs.php
DEBUG - 2017-11-09 03:48:04 --> Breadcrumbs Class Initialized
DEBUG - 2017-11-09 03:48:04 --> UTF-8 Support Enabled
DEBUG - 2017-11-09 03:48:04 --> Total execution time: 0.2829
DEBUG - 2017-11-09 03:48:04 --> Session: "sess_save_path" is empty; using "session.save_path" value from php.ini.
DEBUG - 2017-11-09 03:48:04 --> Global POST, GET and COOKIE data sanitized
DEBUG - 2017-11-09 03:48:04 --> Config file loaded: C:\wamp64\www\gestor\application\admin\config/breadcrumbs.php
DEBUG - 2017-11-09 03:48:05 --> Breadcrumbs Class Initialized
DEBUG - 2017-11-09 03:48:05 --> UTF-8 Support Enabled
DEBUG - 2017-11-09 03:48:05 --> Session: "sess_save_path" is empty; using "session.save_path" value from php.ini.
DEBUG - 2017-11-09 03:48:05 --> Total execution time: 0.3853
DEBUG - 2017-11-09 03:48:05 --> Global POST, GET and COOKIE data sanitized
DEBUG - 2017-11-09 03:48:05 --> Config file loaded: C:\wamp64\www\gestor\application\admin\config/breadcrumbs.php
DEBUG - 2017-11-09 03:48:05 --> Breadcrumbs Class Initialized
DEBUG - 2017-11-09 03:48:05 --> Total execution time: 0.4069
DEBUG - 2017-11-09 03:48:05 --> UTF-8 Support Enabled
DEBUG - 2017-11-09 03:48:05 --> Session: "sess_save_path" is empty; using "session.save_path" value from php.ini.
DEBUG - 2017-11-09 03:48:05 --> Global POST, GET and COOKIE data sanitized
DEBUG - 2017-11-09 03:48:05 --> UTF-8 Support Enabled
DEBUG - 2017-11-09 03:48:05 --> Config file loaded: C:\wamp64\www\gestor\application\admin\config/breadcrumbs.php
DEBUG - 2017-11-09 03:48:05 --> Breadcrumbs Class Initialized
DEBUG - 2017-11-09 03:48:05 --> Global POST, GET and COOKIE data sanitized
DEBUG - 2017-11-09 03:48:05 --> Session: "sess_save_path" is empty; using "session.save_path" value from php.ini.
DEBUG - 2017-11-09 03:48:05 --> Total execution time: 0.5055
DEBUG - 2017-11-09 03:48:05 --> Config file loaded: C:\wamp64\www\gestor\application\admin\config/breadcrumbs.php
DEBUG - 2017-11-09 03:48:05 --> Breadcrumbs Class Initialized
DEBUG - 2017-11-09 03:48:05 --> UTF-8 Support Enabled
DEBUG - 2017-11-09 03:48:05 --> Total execution time: 0.3829
DEBUG - 2017-11-09 03:48:05 --> Session: "sess_save_path" is empty; using "session.save_path" value from php.ini.
DEBUG - 2017-11-09 03:48:05 --> Global POST, GET and COOKIE data sanitized
DEBUG - 2017-11-09 03:48:05 --> Config file loaded: C:\wamp64\www\gestor\application\admin\config/breadcrumbs.php
DEBUG - 2017-11-09 03:48:05 --> UTF-8 Support Enabled
DEBUG - 2017-11-09 03:48:05 --> Breadcrumbs Class Initialized
DEBUG - 2017-11-09 03:48:05 --> Global POST, GET and COOKIE data sanitized
DEBUG - 2017-11-09 03:48:05 --> Total execution time: 0.3520
DEBUG - 2017-11-09 03:48:05 --> Session: "sess_save_path" is empty; using "session.save_path" value from php.ini.
DEBUG - 2017-11-09 03:48:05 --> Config file loaded: C:\wamp64\www\gestor\application\admin\config/breadcrumbs.php
DEBUG - 2017-11-09 03:48:05 --> Session: "sess_save_path" is empty; using "session.save_path" value from php.ini.
DEBUG - 2017-11-09 03:48:05 --> UTF-8 Support Enabled
DEBUG - 2017-11-09 03:48:05 --> Breadcrumbs Class Initialized
DEBUG - 2017-11-09 03:48:05 --> Global POST, GET and COOKIE data sanitized
DEBUG - 2017-11-09 03:48:05 --> Total execution time: 0.3777
DEBUG - 2017-11-09 03:48:05 --> Config file loaded: C:\wamp64\www\gestor\application\admin\config/breadcrumbs.php
DEBUG - 2017-11-09 03:48:05 --> Session: "sess_save_path" is empty; using "session.save_path" value from php.ini.
DEBUG - 2017-11-09 03:48:05 --> UTF-8 Support Enabled
DEBUG - 2017-11-09 03:48:05 --> Breadcrumbs Class Initialized
DEBUG - 2017-11-09 03:48:05 --> Global POST, GET and COOKIE data sanitized
DEBUG - 2017-11-09 03:48:05 --> Total execution time: 0.3767
DEBUG - 2017-11-09 03:48:05 --> Config file loaded: C:\wamp64\www\gestor\application\admin\config/breadcrumbs.php
DEBUG - 2017-11-09 03:48:05 --> Breadcrumbs Class Initialized
DEBUG - 2017-11-09 03:48:05 --> Session: "sess_save_path" is empty; using "session.save_path" value from php.ini.
DEBUG - 2017-11-09 03:48:05 --> Total execution time: 0.3957
DEBUG - 2017-11-09 03:48:05 --> Config file loaded: C:\wamp64\www\gestor\application\admin\config/breadcrumbs.php
DEBUG - 2017-11-09 03:48:05 --> Breadcrumbs Class Initialized
DEBUG - 2017-11-09 03:48:05 --> Total execution time: 0.3399
DEBUG - 2017-11-09 03:48:05 --> Config file loaded: C:\wamp64\www\gestor\application\admin\config/breadcrumbs.php
DEBUG - 2017-11-09 03:48:05 --> Breadcrumbs Class Initialized
DEBUG - 2017-11-09 03:48:05 --> Total execution time: 0.3329
DEBUG - 2017-11-09 03:48:05 --> Config file loaded: C:\wamp64\www\gestor\application\admin\config/breadcrumbs.php
DEBUG - 2017-11-09 03:48:05 --> Breadcrumbs Class Initialized
DEBUG - 2017-11-09 03:48:05 --> Total execution time: 0.3075
DEBUG - 2017-11-09 03:48:05 --> Config file loaded: C:\wamp64\www\gestor\application\admin\config/breadcrumbs.php
DEBUG - 2017-11-09 03:48:05 --> Breadcrumbs Class Initialized
DEBUG - 2017-11-09 03:48:05 --> UTF-8 Support Enabled
DEBUG - 2017-11-09 03:48:05 --> Total execution time: 0.2677
DEBUG - 2017-11-09 03:48:05 --> Global POST, GET and COOKIE data sanitized
DEBUG - 2017-11-09 03:48:05 --> UTF-8 Support Enabled
DEBUG - 2017-11-09 03:48:05 --> Global POST, GET and COOKIE data sanitized
DEBUG - 2017-11-09 03:48:05 --> Session: "sess_save_path" is empty; using "session.save_path" value from php.ini.
DEBUG - 2017-11-09 03:48:05 --> Config file loaded: C:\wamp64\www\gestor\application\admin\config/breadcrumbs.php
DEBUG - 2017-11-09 03:48:05 --> Breadcrumbs Class Initialized
DEBUG - 2017-11-09 03:48:05 --> Session: "sess_save_path" is empty; using "session.save_path" value from php.ini.
DEBUG - 2017-11-09 03:48:05 --> Total execution time: 0.1274
DEBUG - 2017-11-09 03:48:05 --> Config file loaded: C:\wamp64\www\gestor\application\admin\config/breadcrumbs.php
DEBUG - 2017-11-09 03:48:05 --> Breadcrumbs Class Initialized
DEBUG - 2017-11-09 03:48:05 --> Total execution time: 0.1230
DEBUG - 2017-11-09 03:48:05 --> UTF-8 Support Enabled
DEBUG - 2017-11-09 03:48:05 --> Global POST, GET and COOKIE data sanitized
DEBUG - 2017-11-09 03:48:05 --> Session: "sess_save_path" is empty; using "session.save_path" value from php.ini.
DEBUG - 2017-11-09 03:48:05 --> Config file loaded: C:\wamp64\www\gestor\application\admin\config/breadcrumbs.php
DEBUG - 2017-11-09 03:48:05 --> Breadcrumbs Class Initialized
DEBUG - 2017-11-09 03:48:05 --> Total execution time: 0.0902
DEBUG - 2017-11-09 03:48:05 --> UTF-8 Support Enabled
DEBUG - 2017-11-09 03:48:05 --> Global POST, GET and COOKIE data sanitized
DEBUG - 2017-11-09 03:48:06 --> Session: "sess_save_path" is empty; using "session.save_path" value from php.ini.
DEBUG - 2017-11-09 03:48:06 --> Config file loaded: C:\wamp64\www\gestor\application\admin\config/breadcrumbs.php
DEBUG - 2017-11-09 03:48:06 --> Breadcrumbs Class Initialized
DEBUG - 2017-11-09 03:48:06 --> Total execution time: 0.0903
DEBUG - 2017-11-09 03:48:06 --> UTF-8 Support Enabled
DEBUG - 2017-11-09 03:48:06 --> Global POST, GET and COOKIE data sanitized
DEBUG - 2017-11-09 03:48:06 --> Session: "sess_save_path" is empty; using "session.save_path" value from php.ini.
DEBUG - 2017-11-09 03:48:06 --> Config file loaded: C:\wamp64\www\gestor\application\admin\config/breadcrumbs.php
DEBUG - 2017-11-09 03:48:06 --> Breadcrumbs Class Initialized
DEBUG - 2017-11-09 03:48:06 --> Total execution time: 0.0914
DEBUG - 2017-11-09 03:48:06 --> UTF-8 Support Enabled
DEBUG - 2017-11-09 03:48:06 --> Global POST, GET and COOKIE data sanitized
DEBUG - 2017-11-09 03:48:06 --> Session: "sess_save_path" is empty; using "session.save_path" value from php.ini.
DEBUG - 2017-11-09 03:48:06 --> Config file loaded: C:\wamp64\www\gestor\application\admin\config/breadcrumbs.php
DEBUG - 2017-11-09 03:48:06 --> Breadcrumbs Class Initialized
DEBUG - 2017-11-09 03:48:06 --> Total execution time: 0.0847
DEBUG - 2017-11-09 03:48:06 --> UTF-8 Support Enabled
DEBUG - 2017-11-09 03:48:06 --> Global POST, GET and COOKIE data sanitized
DEBUG - 2017-11-09 03:48:06 --> Session: "sess_save_path" is empty; using "session.save_path" value from php.ini.
DEBUG - 2017-11-09 03:48:06 --> Config file loaded: C:\wamp64\www\gestor\application\admin\config/breadcrumbs.php
DEBUG - 2017-11-09 03:48:06 --> Breadcrumbs Class Initialized
DEBUG - 2017-11-09 03:48:06 --> Total execution time: 0.0907
DEBUG - 2017-11-09 03:48:06 --> UTF-8 Support Enabled
DEBUG - 2017-11-09 03:48:06 --> Global POST, GET and COOKIE data sanitized
DEBUG - 2017-11-09 03:48:06 --> Session: "sess_save_path" is empty; using "session.save_path" value from php.ini.
DEBUG - 2017-11-09 03:48:06 --> Config file loaded: C:\wamp64\www\gestor\application\admin\config/breadcrumbs.php
DEBUG - 2017-11-09 03:48:06 --> Breadcrumbs Class Initialized
DEBUG - 2017-11-09 03:48:06 --> Total execution time: 0.0917
DEBUG - 2017-11-09 03:48:06 --> UTF-8 Support Enabled
DEBUG - 2017-11-09 03:48:06 --> Global POST, GET and COOKIE data sanitized
DEBUG - 2017-11-09 03:48:06 --> Session: "sess_save_path" is empty; using "session.save_path" value from php.ini.
DEBUG - 2017-11-09 03:48:06 --> Config file loaded: C:\wamp64\www\gestor\application\admin\config/breadcrumbs.php
DEBUG - 2017-11-09 03:48:06 --> Breadcrumbs Class Initialized
DEBUG - 2017-11-09 03:48:06 --> Total execution time: 0.0970
DEBUG - 2017-11-09 03:50:52 --> UTF-8 Support Enabled
DEBUG - 2017-11-09 03:50:52 --> No URI present. Default controller set.
DEBUG - 2017-11-09 03:50:52 --> Global POST, GET and COOKIE data sanitized
DEBUG - 2017-11-09 03:50:52 --> Session: "sess_save_path" is empty; using "session.save_path" value from php.ini.
DEBUG - 2017-11-09 03:50:52 --> Config file loaded: C:\wamp64\www\gestor\application\admin\config/breadcrumbs.php
DEBUG - 2017-11-09 03:50:52 --> Breadcrumbs Class Initialized
