DEBUG - 2017-11-09 03:15:47 --> UTF-8 Support Enabled
DEBUG - 2017-11-09 03:15:47 --> Global POST, GET and COOKIE data sanitized
DEBUG - 2017-11-09 03:15:51 --> UTF-8 Support Enabled
DEBUG - 2017-11-09 03:15:51 --> No URI present. Default controller set.
DEBUG - 2017-11-09 03:15:51 --> Global POST, GET and COOKIE data sanitized
DEBUG - 2017-11-09 03:16:39 --> UTF-8 Support Enabled
DEBUG - 2017-11-09 03:16:39 --> No URI present. Default controller set.
DEBUG - 2017-11-09 03:16:39 --> Global POST, GET and COOKIE data sanitized
DEBUG - 2017-11-09 03:16:39 --> Session: "sess_save_path" is empty; using "session.save_path" value from php.ini.
DEBUG - 2017-11-09 03:16:39 --> Config file loaded: C:\wamp64\www\gestor\application\portal\config/breadcrumbs.php
DEBUG - 2017-11-09 03:16:39 --> Breadcrumbs Class Initialized
DEBUG - 2017-11-09 03:16:40 --> Total execution time: 0.1145
DEBUG - 2017-11-09 03:16:45 --> UTF-8 Support Enabled
DEBUG - 2017-11-09 03:16:45 --> No URI present. Default controller set.
DEBUG - 2017-11-09 03:16:45 --> Global POST, GET and COOKIE data sanitized
DEBUG - 2017-11-09 03:16:45 --> Session: "sess_save_path" is empty; using "session.save_path" value from php.ini.
DEBUG - 2017-11-09 03:16:45 --> Config file loaded: C:\wamp64\www\gestor\application\portal\config/breadcrumbs.php
DEBUG - 2017-11-09 03:16:45 --> Breadcrumbs Class Initialized
DEBUG - 2017-11-09 03:16:45 --> Total execution time: 0.0892
DEBUG - 2017-11-09 03:17:05 --> UTF-8 Support Enabled
DEBUG - 2017-11-09 03:17:05 --> Global POST, GET and COOKIE data sanitized
DEBUG - 2017-11-09 03:17:05 --> Session: "sess_save_path" is empty; using "session.save_path" value from php.ini.
DEBUG - 2017-11-09 03:17:05 --> Config file loaded: C:\wamp64\www\gestor\application\portal\config/breadcrumbs.php
DEBUG - 2017-11-09 03:17:05 --> Breadcrumbs Class Initialized
DEBUG - 2017-11-09 03:17:05 --> Total execution time: 0.1470
DEBUG - 2017-11-09 03:17:08 --> UTF-8 Support Enabled
DEBUG - 2017-11-09 03:17:08 --> Global POST, GET and COOKIE data sanitized
DEBUG - 2017-11-09 03:17:08 --> Session: "sess_save_path" is empty; using "session.save_path" value from php.ini.
DEBUG - 2017-11-09 03:17:08 --> Config file loaded: C:\wamp64\www\gestor\application\portal\config/breadcrumbs.php
DEBUG - 2017-11-09 03:17:08 --> Breadcrumbs Class Initialized
DEBUG - 2017-11-09 03:17:08 --> Total execution time: 0.0781
DEBUG - 2017-11-09 03:17:35 --> UTF-8 Support Enabled
DEBUG - 2017-11-09 03:17:35 --> Global POST, GET and COOKIE data sanitized
DEBUG - 2017-11-09 03:17:36 --> Session: "sess_save_path" is empty; using "session.save_path" value from php.ini.
DEBUG - 2017-11-09 03:17:36 --> Config file loaded: C:\wamp64\www\gestor\application\portal\config/breadcrumbs.php
DEBUG - 2017-11-09 03:17:36 --> Breadcrumbs Class Initialized
DEBUG - 2017-11-09 03:17:36 --> Total execution time: 0.0966
DEBUG - 2017-11-09 03:17:38 --> UTF-8 Support Enabled
DEBUG - 2017-11-09 03:17:38 --> No URI present. Default controller set.
DEBUG - 2017-11-09 03:17:38 --> Global POST, GET and COOKIE data sanitized
DEBUG - 2017-11-09 03:17:38 --> Session: "sess_save_path" is empty; using "session.save_path" value from php.ini.
DEBUG - 2017-11-09 03:17:38 --> Config file loaded: C:\wamp64\www\gestor\application\portal\config/breadcrumbs.php
DEBUG - 2017-11-09 03:17:38 --> Breadcrumbs Class Initialized
DEBUG - 2017-11-09 03:17:38 --> Total execution time: 0.0837
DEBUG - 2017-11-09 03:17:45 --> UTF-8 Support Enabled
DEBUG - 2017-11-09 03:17:45 --> Global POST, GET and COOKIE data sanitized
DEBUG - 2017-11-09 03:17:45 --> Session: "sess_save_path" is empty; using "session.save_path" value from php.ini.
DEBUG - 2017-11-09 03:17:45 --> Config file loaded: C:\wamp64\www\gestor\application\portal\config/breadcrumbs.php
DEBUG - 2017-11-09 03:17:45 --> Breadcrumbs Class Initialized
DEBUG - 2017-11-09 03:17:45 --> Total execution time: 0.0777
DEBUG - 2017-11-09 03:29:56 --> UTF-8 Support Enabled
DEBUG - 2017-11-09 03:29:56 --> No URI present. Default controller set.
DEBUG - 2017-11-09 03:29:56 --> Global POST, GET and COOKIE data sanitized
DEBUG - 2017-11-09 03:29:56 --> Session: "sess_save_path" is empty; using "session.save_path" value from php.ini.
DEBUG - 2017-11-09 03:29:56 --> Config file loaded: C:\wamp64\www\gestor\application\portal\config/breadcrumbs.php
DEBUG - 2017-11-09 03:29:56 --> Breadcrumbs Class Initialized
DEBUG - 2017-11-09 03:29:56 --> Total execution time: 0.0807
DEBUG - 2017-11-09 03:32:24 --> UTF-8 Support Enabled
DEBUG - 2017-11-09 03:32:24 --> No URI present. Default controller set.
DEBUG - 2017-11-09 03:32:24 --> Global POST, GET and COOKIE data sanitized
DEBUG - 2017-11-09 03:32:24 --> Session: "sess_save_path" is empty; using "session.save_path" value from php.ini.
DEBUG - 2017-11-09 03:32:24 --> Config file loaded: C:\wamp64\www\gestor\application\portal\config/breadcrumbs.php
DEBUG - 2017-11-09 03:32:24 --> Breadcrumbs Class Initialized
DEBUG - 2017-11-09 03:32:24 --> Total execution time: 0.0799
DEBUG - 2017-11-09 03:32:32 --> UTF-8 Support Enabled
DEBUG - 2017-11-09 03:32:32 --> No URI present. Default controller set.
DEBUG - 2017-11-09 03:32:32 --> Global POST, GET and COOKIE data sanitized
DEBUG - 2017-11-09 03:32:32 --> Session: "sess_save_path" is empty; using "session.save_path" value from php.ini.
DEBUG - 2017-11-09 03:32:32 --> Config file loaded: C:\wamp64\www\gestor\application\portal\config/breadcrumbs.php
DEBUG - 2017-11-09 03:32:32 --> Breadcrumbs Class Initialized
DEBUG - 2017-11-09 03:32:32 --> Total execution time: 0.0803
DEBUG - 2017-11-09 03:33:36 --> UTF-8 Support Enabled
DEBUG - 2017-11-09 03:33:36 --> No URI present. Default controller set.
DEBUG - 2017-11-09 03:33:36 --> Global POST, GET and COOKIE data sanitized
DEBUG - 2017-11-09 03:33:36 --> Session: "sess_save_path" is empty; using "session.save_path" value from php.ini.
DEBUG - 2017-11-09 03:33:36 --> Config file loaded: C:\wamp64\www\gestor\application\portal\config/breadcrumbs.php
DEBUG - 2017-11-09 03:33:36 --> Breadcrumbs Class Initialized
DEBUG - 2017-11-09 03:33:36 --> Total execution time: 0.0866
DEBUG - 2017-11-09 03:33:42 --> UTF-8 Support Enabled
DEBUG - 2017-11-09 03:33:42 --> No URI present. Default controller set.
DEBUG - 2017-11-09 03:33:42 --> Global POST, GET and COOKIE data sanitized
DEBUG - 2017-11-09 03:33:42 --> Session: "sess_save_path" is empty; using "session.save_path" value from php.ini.
DEBUG - 2017-11-09 03:33:42 --> Config file loaded: C:\wamp64\www\gestor\application\portal\config/breadcrumbs.php
DEBUG - 2017-11-09 03:33:42 --> Breadcrumbs Class Initialized
DEBUG - 2017-11-09 03:33:42 --> Total execution time: 0.0817
DEBUG - 2017-11-09 03:33:56 --> UTF-8 Support Enabled
DEBUG - 2017-11-09 03:33:56 --> No URI present. Default controller set.
DEBUG - 2017-11-09 03:33:56 --> Global POST, GET and COOKIE data sanitized
DEBUG - 2017-11-09 03:33:56 --> Session: "sess_save_path" is empty; using "session.save_path" value from php.ini.
DEBUG - 2017-11-09 03:33:56 --> Config file loaded: C:\wamp64\www\gestor\application\portal\config/breadcrumbs.php
DEBUG - 2017-11-09 03:33:56 --> Breadcrumbs Class Initialized
DEBUG - 2017-11-09 03:33:56 --> Total execution time: 0.1053
DEBUG - 2017-11-09 03:34:00 --> UTF-8 Support Enabled
DEBUG - 2017-11-09 03:34:00 --> No URI present. Default controller set.
DEBUG - 2017-11-09 03:34:00 --> Global POST, GET and COOKIE data sanitized
DEBUG - 2017-11-09 03:34:00 --> Session: "sess_save_path" is empty; using "session.save_path" value from php.ini.
DEBUG - 2017-11-09 03:34:00 --> Config file loaded: C:\wamp64\www\gestor\application\portal\config/breadcrumbs.php
DEBUG - 2017-11-09 03:34:00 --> Breadcrumbs Class Initialized
DEBUG - 2017-11-09 03:34:00 --> Total execution time: 0.0802
DEBUG - 2017-11-09 03:34:14 --> UTF-8 Support Enabled
DEBUG - 2017-11-09 03:34:14 --> No URI present. Default controller set.
DEBUG - 2017-11-09 03:34:15 --> Global POST, GET and COOKIE data sanitized
DEBUG - 2017-11-09 03:34:15 --> Session: "sess_save_path" is empty; using "session.save_path" value from php.ini.
DEBUG - 2017-11-09 03:34:15 --> Config file loaded: C:\wamp64\www\gestor\application\portal\config/breadcrumbs.php
DEBUG - 2017-11-09 03:34:15 --> Breadcrumbs Class Initialized
DEBUG - 2017-11-09 03:34:15 --> Total execution time: 0.1020
DEBUG - 2017-11-09 03:34:19 --> UTF-8 Support Enabled
DEBUG - 2017-11-09 03:34:19 --> No URI present. Default controller set.
DEBUG - 2017-11-09 03:34:19 --> Global POST, GET and COOKIE data sanitized
DEBUG - 2017-11-09 03:34:19 --> Session: "sess_save_path" is empty; using "session.save_path" value from php.ini.
DEBUG - 2017-11-09 03:34:19 --> Config file loaded: C:\wamp64\www\gestor\application\portal\config/breadcrumbs.php
DEBUG - 2017-11-09 03:34:19 --> Breadcrumbs Class Initialized
DEBUG - 2017-11-09 03:34:19 --> Total execution time: 0.0863
DEBUG - 2017-11-09 03:35:01 --> UTF-8 Support Enabled
DEBUG - 2017-11-09 03:35:01 --> Global POST, GET and COOKIE data sanitized
DEBUG - 2017-11-09 03:35:01 --> Session: "sess_save_path" is empty; using "session.save_path" value from php.ini.
DEBUG - 2017-11-09 03:35:01 --> Config file loaded: C:\wamp64\www\gestor\application\portal\config/breadcrumbs.php
DEBUG - 2017-11-09 03:35:01 --> Breadcrumbs Class Initialized
DEBUG - 2017-11-09 03:35:01 --> Total execution time: 0.0990
DEBUG - 2017-11-09 03:35:52 --> UTF-8 Support Enabled
DEBUG - 2017-11-09 03:35:52 --> No URI present. Default controller set.
DEBUG - 2017-11-09 03:35:53 --> Global POST, GET and COOKIE data sanitized
DEBUG - 2017-11-09 03:35:53 --> Session: "sess_save_path" is empty; using "session.save_path" value from php.ini.
DEBUG - 2017-11-09 03:35:53 --> Config file loaded: C:\wamp64\www\gestor\application\portal\config/breadcrumbs.php
DEBUG - 2017-11-09 03:35:53 --> Breadcrumbs Class Initialized
DEBUG - 2017-11-09 03:35:53 --> Total execution time: 0.0767
DEBUG - 2017-11-09 03:35:56 --> UTF-8 Support Enabled
DEBUG - 2017-11-09 03:35:56 --> Global POST, GET and COOKIE data sanitized
DEBUG - 2017-11-09 03:35:57 --> Session: "sess_save_path" is empty; using "session.save_path" value from php.ini.
DEBUG - 2017-11-09 03:35:57 --> Config file loaded: C:\wamp64\www\gestor\application\portal\config/breadcrumbs.php
DEBUG - 2017-11-09 03:35:57 --> Breadcrumbs Class Initialized
DEBUG - 2017-11-09 03:35:57 --> Total execution time: 0.0849
DEBUG - 2017-11-09 03:35:59 --> UTF-8 Support Enabled
DEBUG - 2017-11-09 03:35:59 --> Global POST, GET and COOKIE data sanitized
DEBUG - 2017-11-09 03:35:59 --> Session: "sess_save_path" is empty; using "session.save_path" value from php.ini.
DEBUG - 2017-11-09 03:35:59 --> Config file loaded: C:\wamp64\www\gestor\application\portal\config/breadcrumbs.php
DEBUG - 2017-11-09 03:35:59 --> Breadcrumbs Class Initialized
DEBUG - 2017-11-09 03:35:59 --> Total execution time: 0.0819
DEBUG - 2017-11-09 03:38:04 --> UTF-8 Support Enabled
DEBUG - 2017-11-09 03:38:04 --> Global POST, GET and COOKIE data sanitized
DEBUG - 2017-11-09 03:38:04 --> Session: "sess_save_path" is empty; using "session.save_path" value from php.ini.
DEBUG - 2017-11-09 03:38:04 --> Config file loaded: C:\wamp64\www\gestor\application\portal\config/breadcrumbs.php
DEBUG - 2017-11-09 03:38:04 --> Breadcrumbs Class Initialized
DEBUG - 2017-11-09 03:38:04 --> Total execution time: 0.0817
DEBUG - 2017-11-09 03:38:06 --> UTF-8 Support Enabled
DEBUG - 2017-11-09 03:38:06 --> Global POST, GET and COOKIE data sanitized
DEBUG - 2017-11-09 03:38:06 --> Session: "sess_save_path" is empty; using "session.save_path" value from php.ini.
DEBUG - 2017-11-09 03:38:06 --> Config file loaded: C:\wamp64\www\gestor\application\portal\config/breadcrumbs.php
DEBUG - 2017-11-09 03:38:06 --> Breadcrumbs Class Initialized
DEBUG - 2017-11-09 03:38:06 --> Total execution time: 0.0850
DEBUG - 2017-11-09 03:43:39 --> UTF-8 Support Enabled
DEBUG - 2017-11-09 03:43:39 --> No URI present. Default controller set.
DEBUG - 2017-11-09 03:43:39 --> Global POST, GET and COOKIE data sanitized
DEBUG - 2017-11-09 03:43:39 --> Session: "sess_save_path" is empty; using "session.save_path" value from php.ini.
DEBUG - 2017-11-09 03:43:39 --> Config file loaded: C:\wamp64\www\gestor\application\portal\config/breadcrumbs.php
DEBUG - 2017-11-09 03:43:39 --> Breadcrumbs Class Initialized
DEBUG - 2017-11-09 03:43:39 --> Total execution time: 0.0972
DEBUG - 2017-11-09 03:50:52 --> UTF-8 Support Enabled
DEBUG - 2017-11-09 03:50:52 --> Global POST, GET and COOKIE data sanitized
DEBUG - 2017-11-09 03:50:52 --> Session: "sess_save_path" is empty; using "session.save_path" value from php.ini.
DEBUG - 2017-11-09 03:50:52 --> Config file loaded: C:\wamp64\www\gestor\application\portal\config/breadcrumbs.php
DEBUG - 2017-11-09 03:50:52 --> Breadcrumbs Class Initialized
DEBUG - 2017-11-09 03:50:52 --> Total execution time: 0.0727
DEBUG - 2017-11-09 09:33:17 --> UTF-8 Support Enabled
DEBUG - 2017-11-09 09:33:17 --> No URI present. Default controller set.
DEBUG - 2017-11-09 09:33:18 --> Global POST, GET and COOKIE data sanitized
DEBUG - 2017-11-09 09:33:18 --> Session: "sess_save_path" is empty; using "session.save_path" value from php.ini.
DEBUG - 2017-11-09 09:33:18 --> Config file loaded: C:\wamp64\www\gestor\application\portal\config/breadcrumbs.php
DEBUG - 2017-11-09 09:33:18 --> Breadcrumbs Class Initialized
DEBUG - 2017-11-09 09:33:18 --> Total execution time: 1.1907
DEBUG - 2017-11-09 09:33:21 --> UTF-8 Support Enabled
DEBUG - 2017-11-09 09:33:21 --> Global POST, GET and COOKIE data sanitized
DEBUG - 2017-11-09 09:33:21 --> Session: "sess_save_path" is empty; using "session.save_path" value from php.ini.
DEBUG - 2017-11-09 09:33:21 --> Config file loaded: C:\wamp64\www\gestor\application\portal\config/breadcrumbs.php
DEBUG - 2017-11-09 09:33:21 --> Breadcrumbs Class Initialized
DEBUG - 2017-11-09 09:33:21 --> Total execution time: 0.1130
DEBUG - 2017-11-09 09:33:21 --> UTF-8 Support Enabled
DEBUG - 2017-11-09 09:33:21 --> Global POST, GET and COOKIE data sanitized
DEBUG - 2017-11-09 09:33:21 --> Session: "sess_save_path" is empty; using "session.save_path" value from php.ini.
DEBUG - 2017-11-09 09:33:21 --> Config file loaded: C:\wamp64\www\gestor\application\portal\config/breadcrumbs.php
DEBUG - 2017-11-09 09:33:21 --> Breadcrumbs Class Initialized
DEBUG - 2017-11-09 09:33:21 --> Total execution time: 0.1158
DEBUG - 2017-11-09 09:33:38 --> UTF-8 Support Enabled
DEBUG - 2017-11-09 09:33:38 --> No URI present. Default controller set.
DEBUG - 2017-11-09 09:33:38 --> Global POST, GET and COOKIE data sanitized
DEBUG - 2017-11-09 09:33:38 --> Session: "sess_save_path" is empty; using "session.save_path" value from php.ini.
DEBUG - 2017-11-09 09:33:38 --> Config file loaded: C:\wamp64\www\gestor\application\portal\config/breadcrumbs.php
DEBUG - 2017-11-09 09:33:38 --> Breadcrumbs Class Initialized
DEBUG - 2017-11-09 09:33:38 --> Total execution time: 0.0786
DEBUG - 2017-11-09 09:34:01 --> UTF-8 Support Enabled
DEBUG - 2017-11-09 09:34:01 --> No URI present. Default controller set.
DEBUG - 2017-11-09 09:34:01 --> Global POST, GET and COOKIE data sanitized
DEBUG - 2017-11-09 09:34:01 --> Session: "sess_save_path" is empty; using "session.save_path" value from php.ini.
DEBUG - 2017-11-09 09:34:01 --> Config file loaded: C:\wamp64\www\gestor\application\portal\config/breadcrumbs.php
DEBUG - 2017-11-09 09:34:01 --> Breadcrumbs Class Initialized
DEBUG - 2017-11-09 09:34:01 --> Total execution time: 0.0771
DEBUG - 2017-11-09 09:34:07 --> UTF-8 Support Enabled
DEBUG - 2017-11-09 09:34:07 --> Global POST, GET and COOKIE data sanitized
DEBUG - 2017-11-09 09:34:07 --> Session: "sess_save_path" is empty; using "session.save_path" value from php.ini.
DEBUG - 2017-11-09 09:34:07 --> Config file loaded: C:\wamp64\www\gestor\application\portal\config/breadcrumbs.php
DEBUG - 2017-11-09 09:34:07 --> Breadcrumbs Class Initialized
DEBUG - 2017-11-09 09:34:07 --> Total execution time: 0.0828
DEBUG - 2017-11-09 09:36:47 --> UTF-8 Support Enabled
DEBUG - 2017-11-09 09:36:47 --> Global POST, GET and COOKIE data sanitized
DEBUG - 2017-11-09 09:36:47 --> Session: "sess_save_path" is empty; using "session.save_path" value from php.ini.
DEBUG - 2017-11-09 09:36:47 --> Config file loaded: C:\wamp64\www\gestor\application\portal\config/breadcrumbs.php
DEBUG - 2017-11-09 09:36:47 --> Breadcrumbs Class Initialized
DEBUG - 2017-11-09 09:36:47 --> Total execution time: 0.0789
DEBUG - 2017-11-09 09:36:49 --> UTF-8 Support Enabled
DEBUG - 2017-11-09 09:36:49 --> No URI present. Default controller set.
DEBUG - 2017-11-09 09:36:49 --> Global POST, GET and COOKIE data sanitized
DEBUG - 2017-11-09 09:36:49 --> Session: "sess_save_path" is empty; using "session.save_path" value from php.ini.
DEBUG - 2017-11-09 09:36:49 --> Config file loaded: C:\wamp64\www\gestor\application\portal\config/breadcrumbs.php
DEBUG - 2017-11-09 09:36:49 --> Breadcrumbs Class Initialized
DEBUG - 2017-11-09 09:36:49 --> Total execution time: 0.0763
DEBUG - 2017-11-09 09:37:00 --> UTF-8 Support Enabled
DEBUG - 2017-11-09 09:37:00 --> Global POST, GET and COOKIE data sanitized
DEBUG - 2017-11-09 09:37:00 --> Session: "sess_save_path" is empty; using "session.save_path" value from php.ini.
DEBUG - 2017-11-09 09:37:00 --> Config file loaded: C:\wamp64\www\gestor\application\portal\config/breadcrumbs.php
DEBUG - 2017-11-09 09:37:00 --> Breadcrumbs Class Initialized
DEBUG - 2017-11-09 09:37:00 --> UTF-8 Support Enabled
DEBUG - 2017-11-09 09:37:00 --> Total execution time: 0.1254
DEBUG - 2017-11-09 09:37:00 --> Global POST, GET and COOKIE data sanitized
DEBUG - 2017-11-09 09:37:00 --> Session: "sess_save_path" is empty; using "session.save_path" value from php.ini.
DEBUG - 2017-11-09 09:37:00 --> Config file loaded: C:\wamp64\www\gestor\application\portal\config/breadcrumbs.php
DEBUG - 2017-11-09 09:37:00 --> Breadcrumbs Class Initialized
DEBUG - 2017-11-09 09:37:00 --> Total execution time: 0.1015
DEBUG - 2017-11-09 09:37:13 --> UTF-8 Support Enabled
DEBUG - 2017-11-09 09:37:13 --> No URI present. Default controller set.
DEBUG - 2017-11-09 09:37:13 --> Global POST, GET and COOKIE data sanitized
DEBUG - 2017-11-09 09:37:13 --> Session: "sess_save_path" is empty; using "session.save_path" value from php.ini.
DEBUG - 2017-11-09 09:37:13 --> Config file loaded: C:\wamp64\www\gestor\application\portal\config/breadcrumbs.php
DEBUG - 2017-11-09 09:37:13 --> Breadcrumbs Class Initialized
DEBUG - 2017-11-09 09:37:13 --> Total execution time: 0.0835
DEBUG - 2017-11-09 09:37:24 --> UTF-8 Support Enabled
DEBUG - 2017-11-09 09:37:24 --> Global POST, GET and COOKIE data sanitized
DEBUG - 2017-11-09 09:37:24 --> Session: "sess_save_path" is empty; using "session.save_path" value from php.ini.
DEBUG - 2017-11-09 09:37:24 --> Config file loaded: C:\wamp64\www\gestor\application\portal\config/breadcrumbs.php
DEBUG - 2017-11-09 09:37:24 --> Breadcrumbs Class Initialized
DEBUG - 2017-11-09 09:37:24 --> Total execution time: 0.0713
DEBUG - 2017-11-09 09:53:15 --> UTF-8 Support Enabled
DEBUG - 2017-11-09 09:53:15 --> No URI present. Default controller set.
DEBUG - 2017-11-09 09:53:15 --> Global POST, GET and COOKIE data sanitized
DEBUG - 2017-11-09 09:53:15 --> Session: "sess_save_path" is empty; using "session.save_path" value from php.ini.
DEBUG - 2017-11-09 09:53:16 --> Config file loaded: C:\wamp64\www\gestor\application\portal\config/breadcrumbs.php
DEBUG - 2017-11-09 09:53:16 --> Breadcrumbs Class Initialized
DEBUG - 2017-11-09 09:53:16 --> Total execution time: 1.0934
DEBUG - 2017-11-09 09:55:05 --> UTF-8 Support Enabled
DEBUG - 2017-11-09 09:55:05 --> No URI present. Default controller set.
DEBUG - 2017-11-09 09:55:05 --> Global POST, GET and COOKIE data sanitized
DEBUG - 2017-11-09 09:55:05 --> Session: "sess_save_path" is empty; using "session.save_path" value from php.ini.
DEBUG - 2017-11-09 09:55:05 --> Config file loaded: C:\wamp64\www\gestor\application\portal\config/breadcrumbs.php
DEBUG - 2017-11-09 09:55:05 --> Breadcrumbs Class Initialized
DEBUG - 2017-11-09 09:55:05 --> Total execution time: 0.0861
DEBUG - 2017-11-09 10:04:35 --> UTF-8 Support Enabled
DEBUG - 2017-11-09 10:04:35 --> No URI present. Default controller set.
DEBUG - 2017-11-09 10:04:35 --> Global POST, GET and COOKIE data sanitized
DEBUG - 2017-11-09 10:04:36 --> Session: "sess_save_path" is empty; using "session.save_path" value from php.ini.
DEBUG - 2017-11-09 10:04:36 --> Config file loaded: C:\wamp64\www\gestor\application\portal\config/breadcrumbs.php
DEBUG - 2017-11-09 10:04:36 --> Breadcrumbs Class Initialized
DEBUG - 2017-11-09 10:04:36 --> Total execution time: 0.1218
DEBUG - 2017-11-09 10:04:43 --> UTF-8 Support Enabled
DEBUG - 2017-11-09 10:04:43 --> No URI present. Default controller set.
DEBUG - 2017-11-09 10:04:43 --> Global POST, GET and COOKIE data sanitized
DEBUG - 2017-11-09 10:04:43 --> Session: "sess_save_path" is empty; using "session.save_path" value from php.ini.
DEBUG - 2017-11-09 10:04:43 --> Config file loaded: C:\wamp64\www\gestor\application\portal\config/breadcrumbs.php
DEBUG - 2017-11-09 10:04:43 --> Breadcrumbs Class Initialized
DEBUG - 2017-11-09 10:04:43 --> Total execution time: 0.0810
DEBUG - 2017-11-09 10:05:20 --> UTF-8 Support Enabled
DEBUG - 2017-11-09 10:05:20 --> No URI present. Default controller set.
DEBUG - 2017-11-09 10:05:20 --> Global POST, GET and COOKIE data sanitized
DEBUG - 2017-11-09 10:05:20 --> Session: "sess_save_path" is empty; using "session.save_path" value from php.ini.
DEBUG - 2017-11-09 10:05:21 --> Config file loaded: C:\wamp64\www\gestor\application\portal\config/breadcrumbs.php
DEBUG - 2017-11-09 10:05:21 --> Breadcrumbs Class Initialized
DEBUG - 2017-11-09 10:05:21 --> Total execution time: 0.1346
DEBUG - 2017-11-09 10:07:54 --> UTF-8 Support Enabled
DEBUG - 2017-11-09 10:07:54 --> Global POST, GET and COOKIE data sanitized
DEBUG - 2017-11-09 10:07:54 --> Session: "sess_save_path" is empty; using "session.save_path" value from php.ini.
DEBUG - 2017-11-09 10:07:54 --> Config file loaded: C:\wamp64\www\gestor\application\portal\config/breadcrumbs.php
DEBUG - 2017-11-09 10:07:54 --> Breadcrumbs Class Initialized
DEBUG - 2017-11-09 10:07:54 --> Total execution time: 0.0753
DEBUG - 2017-11-09 10:09:49 --> UTF-8 Support Enabled
DEBUG - 2017-11-09 10:09:50 --> No URI present. Default controller set.
DEBUG - 2017-11-09 10:09:50 --> Global POST, GET and COOKIE data sanitized
DEBUG - 2017-11-09 10:09:50 --> Session: "sess_save_path" is empty; using "session.save_path" value from php.ini.
DEBUG - 2017-11-09 10:09:50 --> Config file loaded: C:\wamp64\www\gestor\application\portal\config/breadcrumbs.php
DEBUG - 2017-11-09 10:09:50 --> Breadcrumbs Class Initialized
DEBUG - 2017-11-09 10:09:50 --> Total execution time: 0.1526
DEBUG - 2017-11-09 10:09:54 --> UTF-8 Support Enabled
DEBUG - 2017-11-09 10:09:54 --> Global POST, GET and COOKIE data sanitized
DEBUG - 2017-11-09 10:09:54 --> Session: "sess_save_path" is empty; using "session.save_path" value from php.ini.
DEBUG - 2017-11-09 10:09:54 --> Config file loaded: C:\wamp64\www\gestor\application\portal\config/breadcrumbs.php
DEBUG - 2017-11-09 10:09:54 --> Breadcrumbs Class Initialized
DEBUG - 2017-11-09 10:09:54 --> Total execution time: 0.0773
DEBUG - 2017-11-09 10:09:54 --> UTF-8 Support Enabled
DEBUG - 2017-11-09 10:11:17 --> UTF-8 Support Enabled
DEBUG - 2017-11-09 10:11:17 --> No URI present. Default controller set.
DEBUG - 2017-11-09 10:11:17 --> Global POST, GET and COOKIE data sanitized
DEBUG - 2017-11-09 10:11:17 --> Session: "sess_save_path" is empty; using "session.save_path" value from php.ini.
DEBUG - 2017-11-09 10:11:17 --> Config file loaded: C:\wamp64\www\gestor\application\portal\config/breadcrumbs.php
DEBUG - 2017-11-09 10:11:17 --> Breadcrumbs Class Initialized
DEBUG - 2017-11-09 10:11:17 --> Total execution time: 0.5897
DEBUG - 2017-11-09 10:13:18 --> UTF-8 Support Enabled
DEBUG - 2017-11-09 10:13:18 --> No URI present. Default controller set.
DEBUG - 2017-11-09 10:13:18 --> Global POST, GET and COOKIE data sanitized
DEBUG - 2017-11-09 10:13:18 --> Session: "sess_save_path" is empty; using "session.save_path" value from php.ini.
DEBUG - 2017-11-09 10:13:18 --> Config file loaded: C:\wamp64\www\gestor\application\portal\config/breadcrumbs.php
DEBUG - 2017-11-09 10:13:18 --> Breadcrumbs Class Initialized
DEBUG - 2017-11-09 10:13:18 --> Total execution time: 0.0941
DEBUG - 2017-11-09 10:13:50 --> UTF-8 Support Enabled
DEBUG - 2017-11-09 10:13:50 --> No URI present. Default controller set.
DEBUG - 2017-11-09 10:13:50 --> Global POST, GET and COOKIE data sanitized
DEBUG - 2017-11-09 10:13:50 --> Session: "sess_save_path" is empty; using "session.save_path" value from php.ini.
DEBUG - 2017-11-09 10:13:50 --> Config file loaded: C:\wamp64\www\gestor\application\portal\config/breadcrumbs.php
DEBUG - 2017-11-09 10:13:50 --> Breadcrumbs Class Initialized
DEBUG - 2017-11-09 10:13:50 --> Total execution time: 0.0843
DEBUG - 2017-11-09 10:18:14 --> UTF-8 Support Enabled
DEBUG - 2017-11-09 10:18:14 --> No URI present. Default controller set.
DEBUG - 2017-11-09 10:18:14 --> Global POST, GET and COOKIE data sanitized
DEBUG - 2017-11-09 10:18:14 --> Session: "sess_save_path" is empty; using "session.save_path" value from php.ini.
DEBUG - 2017-11-09 10:18:14 --> Config file loaded: C:\wamp64\www\gestor\application\portal\config/breadcrumbs.php
DEBUG - 2017-11-09 10:18:14 --> Breadcrumbs Class Initialized
DEBUG - 2017-11-09 10:18:15 --> Total execution time: 0.0794
DEBUG - 2017-11-09 10:18:22 --> UTF-8 Support Enabled
DEBUG - 2017-11-09 10:18:22 --> No URI present. Default controller set.
DEBUG - 2017-11-09 10:18:22 --> Global POST, GET and COOKIE data sanitized
DEBUG - 2017-11-09 10:18:22 --> Session: "sess_save_path" is empty; using "session.save_path" value from php.ini.
DEBUG - 2017-11-09 10:18:22 --> Config file loaded: C:\wamp64\www\gestor\application\portal\config/breadcrumbs.php
DEBUG - 2017-11-09 10:18:22 --> Breadcrumbs Class Initialized
DEBUG - 2017-11-09 10:18:22 --> Total execution time: 0.0833
DEBUG - 2017-11-09 10:18:26 --> UTF-8 Support Enabled
DEBUG - 2017-11-09 10:18:26 --> No URI present. Default controller set.
DEBUG - 2017-11-09 10:18:26 --> Global POST, GET and COOKIE data sanitized
DEBUG - 2017-11-09 10:18:26 --> Session: "sess_save_path" is empty; using "session.save_path" value from php.ini.
DEBUG - 2017-11-09 10:18:26 --> Config file loaded: C:\wamp64\www\gestor\application\portal\config/breadcrumbs.php
DEBUG - 2017-11-09 10:18:26 --> Breadcrumbs Class Initialized
DEBUG - 2017-11-09 10:18:26 --> Total execution time: 0.0840
DEBUG - 2017-11-09 10:18:30 --> UTF-8 Support Enabled
DEBUG - 2017-11-09 10:18:30 --> No URI present. Default controller set.
DEBUG - 2017-11-09 10:18:30 --> Global POST, GET and COOKIE data sanitized
DEBUG - 2017-11-09 10:18:30 --> Session: "sess_save_path" is empty; using "session.save_path" value from php.ini.
DEBUG - 2017-11-09 10:18:30 --> Config file loaded: C:\wamp64\www\gestor\application\portal\config/breadcrumbs.php
DEBUG - 2017-11-09 10:18:30 --> Breadcrumbs Class Initialized
DEBUG - 2017-11-09 10:18:30 --> Total execution time: 0.0913
DEBUG - 2017-11-09 10:19:13 --> UTF-8 Support Enabled
DEBUG - 2017-11-09 10:19:13 --> No URI present. Default controller set.
DEBUG - 2017-11-09 10:19:13 --> Global POST, GET and COOKIE data sanitized
DEBUG - 2017-11-09 10:19:13 --> Session: "sess_save_path" is empty; using "session.save_path" value from php.ini.
DEBUG - 2017-11-09 10:19:13 --> Config file loaded: C:\wamp64\www\gestor\application\portal\config/breadcrumbs.php
DEBUG - 2017-11-09 10:19:13 --> Breadcrumbs Class Initialized
DEBUG - 2017-11-09 10:19:13 --> Total execution time: 0.0934
DEBUG - 2017-11-09 10:19:40 --> UTF-8 Support Enabled
DEBUG - 2017-11-09 10:19:40 --> No URI present. Default controller set.
DEBUG - 2017-11-09 10:19:40 --> Global POST, GET and COOKIE data sanitized
DEBUG - 2017-11-09 10:19:40 --> Session: "sess_save_path" is empty; using "session.save_path" value from php.ini.
DEBUG - 2017-11-09 10:19:40 --> Config file loaded: C:\wamp64\www\gestor\application\portal\config/breadcrumbs.php
DEBUG - 2017-11-09 10:19:40 --> Breadcrumbs Class Initialized
DEBUG - 2017-11-09 10:19:40 --> Total execution time: 0.0842
DEBUG - 2017-11-09 10:21:46 --> UTF-8 Support Enabled
DEBUG - 2017-11-09 10:21:46 --> No URI present. Default controller set.
DEBUG - 2017-11-09 10:21:46 --> Global POST, GET and COOKIE data sanitized
DEBUG - 2017-11-09 10:21:46 --> Session: "sess_save_path" is empty; using "session.save_path" value from php.ini.
DEBUG - 2017-11-09 10:21:46 --> Config file loaded: C:\wamp64\www\gestor\application\portal\config/breadcrumbs.php
DEBUG - 2017-11-09 10:21:46 --> Breadcrumbs Class Initialized
DEBUG - 2017-11-09 10:21:46 --> Total execution time: 0.0786
DEBUG - 2017-11-09 10:24:45 --> UTF-8 Support Enabled
DEBUG - 2017-11-09 10:24:45 --> No URI present. Default controller set.
DEBUG - 2017-11-09 10:24:45 --> Global POST, GET and COOKIE data sanitized
DEBUG - 2017-11-09 10:24:45 --> Session: "sess_save_path" is empty; using "session.save_path" value from php.ini.
DEBUG - 2017-11-09 10:24:45 --> Config file loaded: C:\wamp64\www\gestor\application\portal\config/breadcrumbs.php
DEBUG - 2017-11-09 10:24:45 --> Breadcrumbs Class Initialized
DEBUG - 2017-11-09 10:24:45 --> Total execution time: 0.0791
DEBUG - 2017-11-09 10:24:50 --> UTF-8 Support Enabled
DEBUG - 2017-11-09 10:24:50 --> Global POST, GET and COOKIE data sanitized
DEBUG - 2017-11-09 10:24:50 --> Session: "sess_save_path" is empty; using "session.save_path" value from php.ini.
DEBUG - 2017-11-09 10:24:50 --> Config file loaded: C:\wamp64\www\gestor\application\portal\config/breadcrumbs.php
DEBUG - 2017-11-09 10:24:50 --> Breadcrumbs Class Initialized
DEBUG - 2017-11-09 10:24:50 --> Total execution time: 0.1319
DEBUG - 2017-11-09 10:25:02 --> UTF-8 Support Enabled
DEBUG - 2017-11-09 10:25:02 --> No URI present. Default controller set.
DEBUG - 2017-11-09 10:25:02 --> Global POST, GET and COOKIE data sanitized
DEBUG - 2017-11-09 10:25:02 --> Session: "sess_save_path" is empty; using "session.save_path" value from php.ini.
DEBUG - 2017-11-09 10:25:02 --> Config file loaded: C:\wamp64\www\gestor\application\portal\config/breadcrumbs.php
DEBUG - 2017-11-09 10:25:02 --> Breadcrumbs Class Initialized
DEBUG - 2017-11-09 10:25:02 --> Total execution time: 0.0818
DEBUG - 2017-11-09 10:28:12 --> UTF-8 Support Enabled
DEBUG - 2017-11-09 10:28:12 --> Global POST, GET and COOKIE data sanitized
DEBUG - 2017-11-09 10:28:12 --> Session: "sess_save_path" is empty; using "session.save_path" value from php.ini.
DEBUG - 2017-11-09 10:28:12 --> Config file loaded: C:\wamp64\www\gestor\application\portal\config/breadcrumbs.php
DEBUG - 2017-11-09 10:28:12 --> Breadcrumbs Class Initialized
DEBUG - 2017-11-09 10:28:12 --> Total execution time: 0.0734
DEBUG - 2017-11-09 10:28:25 --> UTF-8 Support Enabled
DEBUG - 2017-11-09 10:28:25 --> Global POST, GET and COOKIE data sanitized
DEBUG - 2017-11-09 10:28:25 --> Session: "sess_save_path" is empty; using "session.save_path" value from php.ini.
DEBUG - 2017-11-09 10:28:25 --> Config file loaded: C:\wamp64\www\gestor\application\portal\config/breadcrumbs.php
DEBUG - 2017-11-09 10:28:25 --> Breadcrumbs Class Initialized
DEBUG - 2017-11-09 10:28:25 --> Total execution time: 0.0759
DEBUG - 2017-11-09 10:28:58 --> UTF-8 Support Enabled
DEBUG - 2017-11-09 10:28:58 --> Global POST, GET and COOKIE data sanitized
DEBUG - 2017-11-09 10:28:58 --> Session: "sess_save_path" is empty; using "session.save_path" value from php.ini.
DEBUG - 2017-11-09 10:28:58 --> Config file loaded: C:\wamp64\www\gestor\application\portal\config/breadcrumbs.php
DEBUG - 2017-11-09 10:28:58 --> Breadcrumbs Class Initialized
DEBUG - 2017-11-09 10:28:58 --> Total execution time: 0.0849
DEBUG - 2017-11-09 10:29:20 --> UTF-8 Support Enabled
DEBUG - 2017-11-09 10:29:20 --> Global POST, GET and COOKIE data sanitized
DEBUG - 2017-11-09 10:29:20 --> Session: "sess_save_path" is empty; using "session.save_path" value from php.ini.
DEBUG - 2017-11-09 10:29:20 --> Config file loaded: C:\wamp64\www\gestor\application\portal\config/breadcrumbs.php
DEBUG - 2017-11-09 10:29:20 --> Breadcrumbs Class Initialized
DEBUG - 2017-11-09 10:29:20 --> Total execution time: 0.0816
DEBUG - 2017-11-09 10:31:20 --> UTF-8 Support Enabled
DEBUG - 2017-11-09 10:31:20 --> Global POST, GET and COOKIE data sanitized
DEBUG - 2017-11-09 10:31:20 --> Session: "sess_save_path" is empty; using "session.save_path" value from php.ini.
DEBUG - 2017-11-09 10:31:20 --> Config file loaded: C:\wamp64\www\gestor\application\portal\config/breadcrumbs.php
DEBUG - 2017-11-09 10:31:20 --> Breadcrumbs Class Initialized
DEBUG - 2017-11-09 10:31:20 --> Total execution time: 0.0913
DEBUG - 2017-11-09 10:31:28 --> UTF-8 Support Enabled
DEBUG - 2017-11-09 10:31:28 --> Global POST, GET and COOKIE data sanitized
DEBUG - 2017-11-09 10:31:28 --> Session: "sess_save_path" is empty; using "session.save_path" value from php.ini.
DEBUG - 2017-11-09 10:31:28 --> Config file loaded: C:\wamp64\www\gestor\application\portal\config/breadcrumbs.php
DEBUG - 2017-11-09 10:31:28 --> Breadcrumbs Class Initialized
DEBUG - 2017-11-09 10:31:28 --> Total execution time: 0.0850
DEBUG - 2017-11-09 10:31:34 --> UTF-8 Support Enabled
DEBUG - 2017-11-09 10:31:34 --> Global POST, GET and COOKIE data sanitized
DEBUG - 2017-11-09 10:31:34 --> Session: "sess_save_path" is empty; using "session.save_path" value from php.ini.
DEBUG - 2017-11-09 10:31:34 --> Config file loaded: C:\wamp64\www\gestor\application\portal\config/breadcrumbs.php
DEBUG - 2017-11-09 10:31:34 --> Breadcrumbs Class Initialized
DEBUG - 2017-11-09 10:31:34 --> Total execution time: 0.0724
DEBUG - 2017-11-09 10:31:38 --> UTF-8 Support Enabled
DEBUG - 2017-11-09 10:31:38 --> Global POST, GET and COOKIE data sanitized
DEBUG - 2017-11-09 10:31:38 --> Session: "sess_save_path" is empty; using "session.save_path" value from php.ini.
DEBUG - 2017-11-09 10:31:38 --> Config file loaded: C:\wamp64\www\gestor\application\portal\config/breadcrumbs.php
DEBUG - 2017-11-09 10:31:38 --> Breadcrumbs Class Initialized
DEBUG - 2017-11-09 10:31:38 --> Total execution time: 0.0819
DEBUG - 2017-11-09 10:31:42 --> UTF-8 Support Enabled
DEBUG - 2017-11-09 10:31:42 --> No URI present. Default controller set.
DEBUG - 2017-11-09 10:31:42 --> Global POST, GET and COOKIE data sanitized
DEBUG - 2017-11-09 10:31:42 --> Session: "sess_save_path" is empty; using "session.save_path" value from php.ini.
DEBUG - 2017-11-09 10:31:42 --> Config file loaded: C:\wamp64\www\gestor\application\portal\config/breadcrumbs.php
DEBUG - 2017-11-09 10:31:42 --> Breadcrumbs Class Initialized
DEBUG - 2017-11-09 10:31:42 --> Total execution time: 0.0764
DEBUG - 2017-11-09 10:31:56 --> UTF-8 Support Enabled
DEBUG - 2017-11-09 10:31:56 --> No URI present. Default controller set.
DEBUG - 2017-11-09 10:31:56 --> Global POST, GET and COOKIE data sanitized
DEBUG - 2017-11-09 10:31:56 --> Session: "sess_save_path" is empty; using "session.save_path" value from php.ini.
DEBUG - 2017-11-09 10:31:56 --> Config file loaded: C:\wamp64\www\gestor\application\portal\config/breadcrumbs.php
DEBUG - 2017-11-09 10:31:56 --> Breadcrumbs Class Initialized
DEBUG - 2017-11-09 10:31:56 --> Total execution time: 0.0832
DEBUG - 2017-11-09 10:32:01 --> UTF-8 Support Enabled
DEBUG - 2017-11-09 10:32:01 --> No URI present. Default controller set.
DEBUG - 2017-11-09 10:32:01 --> Global POST, GET and COOKIE data sanitized
DEBUG - 2017-11-09 10:32:01 --> Session: "sess_save_path" is empty; using "session.save_path" value from php.ini.
DEBUG - 2017-11-09 10:32:01 --> Config file loaded: C:\wamp64\www\gestor\application\portal\config/breadcrumbs.php
DEBUG - 2017-11-09 10:32:01 --> Breadcrumbs Class Initialized
DEBUG - 2017-11-09 10:32:01 --> Total execution time: 0.0835
DEBUG - 2017-11-09 10:32:03 --> UTF-8 Support Enabled
DEBUG - 2017-11-09 10:32:03 --> No URI present. Default controller set.
DEBUG - 2017-11-09 10:32:03 --> Global POST, GET and COOKIE data sanitized
DEBUG - 2017-11-09 10:32:03 --> Session: "sess_save_path" is empty; using "session.save_path" value from php.ini.
DEBUG - 2017-11-09 10:32:03 --> Config file loaded: C:\wamp64\www\gestor\application\portal\config/breadcrumbs.php
DEBUG - 2017-11-09 10:32:03 --> Breadcrumbs Class Initialized
DEBUG - 2017-11-09 10:32:03 --> Total execution time: 0.0938
DEBUG - 2017-11-09 10:32:45 --> UTF-8 Support Enabled
DEBUG - 2017-11-09 10:32:45 --> Global POST, GET and COOKIE data sanitized
DEBUG - 2017-11-09 10:32:45 --> Session: "sess_save_path" is empty; using "session.save_path" value from php.ini.
DEBUG - 2017-11-09 10:32:45 --> Config file loaded: C:\wamp64\www\gestor\application\portal\config/breadcrumbs.php
DEBUG - 2017-11-09 10:32:45 --> Breadcrumbs Class Initialized
DEBUG - 2017-11-09 10:32:45 --> Total execution time: 0.0732
DEBUG - 2017-11-09 10:33:46 --> UTF-8 Support Enabled
DEBUG - 2017-11-09 10:33:46 --> No URI present. Default controller set.
DEBUG - 2017-11-09 10:33:46 --> Global POST, GET and COOKIE data sanitized
DEBUG - 2017-11-09 10:33:46 --> Session: "sess_save_path" is empty; using "session.save_path" value from php.ini.
DEBUG - 2017-11-09 10:33:46 --> Config file loaded: C:\wamp64\www\gestor\application\portal\config/breadcrumbs.php
DEBUG - 2017-11-09 10:33:46 --> Breadcrumbs Class Initialized
DEBUG - 2017-11-09 10:33:46 --> Total execution time: 0.0799
DEBUG - 2017-11-09 10:34:29 --> UTF-8 Support Enabled
DEBUG - 2017-11-09 10:34:29 --> No URI present. Default controller set.
DEBUG - 2017-11-09 10:34:29 --> Global POST, GET and COOKIE data sanitized
DEBUG - 2017-11-09 10:34:29 --> Session: "sess_save_path" is empty; using "session.save_path" value from php.ini.
DEBUG - 2017-11-09 10:34:29 --> Config file loaded: C:\wamp64\www\gestor\application\portal\config/breadcrumbs.php
DEBUG - 2017-11-09 10:34:29 --> Breadcrumbs Class Initialized
DEBUG - 2017-11-09 10:34:29 --> Total execution time: 0.0846
DEBUG - 2017-11-09 10:34:53 --> UTF-8 Support Enabled
DEBUG - 2017-11-09 10:34:53 --> No URI present. Default controller set.
DEBUG - 2017-11-09 10:34:53 --> Global POST, GET and COOKIE data sanitized
DEBUG - 2017-11-09 10:34:53 --> Session: "sess_save_path" is empty; using "session.save_path" value from php.ini.
DEBUG - 2017-11-09 10:34:53 --> Config file loaded: C:\wamp64\www\gestor\application\portal\config/breadcrumbs.php
DEBUG - 2017-11-09 10:34:53 --> Breadcrumbs Class Initialized
DEBUG - 2017-11-09 10:34:53 --> Total execution time: 0.0879
DEBUG - 2017-11-09 11:43:28 --> UTF-8 Support Enabled
DEBUG - 2017-11-09 11:43:28 --> No URI present. Default controller set.
DEBUG - 2017-11-09 11:43:28 --> Global POST, GET and COOKIE data sanitized
DEBUG - 2017-11-09 11:43:29 --> Session: "sess_save_path" is empty; using "session.save_path" value from php.ini.
DEBUG - 2017-11-09 11:43:29 --> Config file loaded: C:\wamp64\www\gestor\application\portal\config/breadcrumbs.php
DEBUG - 2017-11-09 11:43:29 --> Breadcrumbs Class Initialized
DEBUG - 2017-11-09 11:43:30 --> Total execution time: 2.1006
DEBUG - 2017-11-09 11:43:41 --> UTF-8 Support Enabled
DEBUG - 2017-11-09 11:43:41 --> No URI present. Default controller set.
DEBUG - 2017-11-09 11:43:41 --> Global POST, GET and COOKIE data sanitized
DEBUG - 2017-11-09 11:43:41 --> Session: "sess_save_path" is empty; using "session.save_path" value from php.ini.
DEBUG - 2017-11-09 11:43:41 --> Config file loaded: C:\wamp64\www\gestor\application\portal\config/breadcrumbs.php
DEBUG - 2017-11-09 11:43:41 --> Breadcrumbs Class Initialized
DEBUG - 2017-11-09 11:43:41 --> Total execution time: 0.1304
